<?xml version="1.0" encoding="UTF-8"?>
<testsuites name="jest tests" tests="710" failures="0" time="224.863">
  <testsuite name="Component Tests" errors="0" failures="0" skipped="0" timestamp="2019-09-25T19:54:04" time="36.007" tests="5">
    <testcase classname="Component Tests LoginComponent should authenticate the user upon login when previous state was set" name="Component Tests LoginComponent should authenticate the user upon login when previous state was set" time="0.147">
    </testcase>
    <testcase classname="Component Tests LoginComponent should authenticate the user upon login when previous state was not set" name="Component Tests LoginComponent should authenticate the user upon login when previous state was not set" time="0.031">
    </testcase>
    <testcase classname="Component Tests LoginComponent should empty the credentials upon cancel" name="Component Tests LoginComponent should empty the credentials upon cancel" time="0.022">
    </testcase>
    <testcase classname="Component Tests LoginComponent should redirect user when register" name="Component Tests LoginComponent should redirect user when register" time="0.028">
    </testcase>
    <testcase classname="Component Tests LoginComponent should redirect user when request password" name="Component Tests LoginComponent should redirect user when request password" time="0.025">
    </testcase>
  </testsuite>
  <testsuite name="Component Tests" errors="0" failures="0" skipped="0" timestamp="2019-09-25T19:54:04" time="36.638" tests="12">
    <testcase classname="Component Tests JhiHealthCheckComponent baseName and subSystemName should return the basename when it has no sub system" name="Component Tests JhiHealthCheckComponent baseName and subSystemName should return the basename when it has no sub system" time="0.144">
    </testcase>
    <testcase classname="Component Tests JhiHealthCheckComponent baseName and subSystemName should return the basename when it has sub systems" name="Component Tests JhiHealthCheckComponent baseName and subSystemName should return the basename when it has sub systems" time="0.031">
    </testcase>
    <testcase classname="Component Tests JhiHealthCheckComponent baseName and subSystemName should return the sub system name" name="Component Tests JhiHealthCheckComponent baseName and subSystemName should return the sub system name" time="0.028">
    </testcase>
    <testcase classname="Component Tests JhiHealthCheckComponent baseName and subSystemName should return the subsystem when it has multiple keys" name="Component Tests JhiHealthCheckComponent baseName and subSystemName should return the subsystem when it has multiple keys" time="0.034">
    </testcase>
    <testcase classname="Component Tests JhiHealthCheckComponent transformHealthData should flatten empty health data" name="Component Tests JhiHealthCheckComponent transformHealthData should flatten empty health data" time="0.023">
    </testcase>
    <testcase classname="Component Tests JhiHealthCheckComponent transformHealthData should flatten health data with no subsystems" name="Component Tests JhiHealthCheckComponent transformHealthData should flatten health data with no subsystems" time="0.032">
    </testcase>
    <testcase classname="Component Tests JhiHealthCheckComponent transformHealthData should flatten health data with subsystems at level 1, main system has no additional information" name="Component Tests JhiHealthCheckComponent transformHealthData should flatten health data with subsystems at level 1, main system has no additional information" time="0.021">
    </testcase>
    <testcase classname="Component Tests JhiHealthCheckComponent transformHealthData should flatten health data with subsystems at level 1, main system has additional information" name="Component Tests JhiHealthCheckComponent transformHealthData should flatten health data with subsystems at level 1, main system has additional information" time="0.017">
    </testcase>
    <testcase classname="Component Tests JhiHealthCheckComponent transformHealthData should flatten health data with subsystems at level 1, main system has additional error" name="Component Tests JhiHealthCheckComponent transformHealthData should flatten health data with subsystems at level 1, main system has additional error" time="0.017">
    </testcase>
    <testcase classname="Component Tests JhiHealthCheckComponent getBadgeClass should get badge class" name="Component Tests JhiHealthCheckComponent getBadgeClass should get badge class" time="0.02">
    </testcase>
    <testcase classname="Component Tests JhiHealthCheckComponent refresh should call refresh on init" name="Component Tests JhiHealthCheckComponent refresh should call refresh on init" time="0.022">
    </testcase>
    <testcase classname="Component Tests JhiHealthCheckComponent refresh should handle a 503 on refreshing health data" name="Component Tests JhiHealthCheckComponent refresh should handle a 503 on refreshing health data" time="0.065">
    </testcase>
  </testsuite>
  <testsuite name="Component Tests" errors="0" failures="0" skipped="0" timestamp="2019-09-25T19:54:41" time="2.026" tests="7">
    <testcase classname="Component Tests Alert Error Component Error Handling Should display an alert on status 0" name="Component Tests Alert Error Component Error Handling Should display an alert on status 0" time="0.055">
    </testcase>
    <testcase classname="Component Tests Alert Error Component Error Handling Should display an alert on status 404" name="Component Tests Alert Error Component Error Handling Should display an alert on status 404" time="0.035">
    </testcase>
    <testcase classname="Component Tests Alert Error Component Error Handling Should display an alert on generic error" name="Component Tests Alert Error Component Error Handling Should display an alert on generic error" time="0.032">
    </testcase>
    <testcase classname="Component Tests Alert Error Component Error Handling Should display an alert on status 400 for generic error" name="Component Tests Alert Error Component Error Handling Should display an alert on status 400 for generic error" time="0.042">
    </testcase>
    <testcase classname="Component Tests Alert Error Component Error Handling Should display an alert on status 400 for generic error without message" name="Component Tests Alert Error Component Error Handling Should display an alert on status 400 for generic error without message" time="0.078">
    </testcase>
    <testcase classname="Component Tests Alert Error Component Error Handling Should display an alert on status 400 for invalid parameters" name="Component Tests Alert Error Component Error Handling Should display an alert on status 400 for invalid parameters" time="0.03">
    </testcase>
    <testcase classname="Component Tests Alert Error Component Error Handling Should display an alert on status 400 for error headers" name="Component Tests Alert Error Component Error Handling Should display an alert on status 400 for error headers" time="0.049">
    </testcase>
  </testsuite>
  <testsuite name="Service Tests" errors="0" failures="0" skipped="0" timestamp="2019-09-25T19:54:41" time="2.655" tests="5">
    <testcase classname="Service Tests Presupuesto Service Service methods should find an element" name="Service Tests Presupuesto Service Service methods should find an element" time="0.051">
    </testcase>
    <testcase classname="Service Tests Presupuesto Service Service methods should create a Presupuesto" name="Service Tests Presupuesto Service Service methods should create a Presupuesto" time="0.088">
    </testcase>
    <testcase classname="Service Tests Presupuesto Service Service methods should update a Presupuesto" name="Service Tests Presupuesto Service Service methods should update a Presupuesto" time="0.089">
    </testcase>
    <testcase classname="Service Tests Presupuesto Service Service methods should return a list of Presupuesto" name="Service Tests Presupuesto Service Service methods should return a list of Presupuesto" time="0.05">
    </testcase>
    <testcase classname="Service Tests Presupuesto Service Service methods should delete a Presupuesto" name="Service Tests Presupuesto Service Service methods should delete a Presupuesto" time="0.02">
    </testcase>
  </testsuite>
  <testsuite name="Service Tests" errors="0" failures="0" skipped="0" timestamp="2019-09-25T19:54:43" time="1.523" tests="5">
    <testcase classname="Service Tests Caja Service Service methods should find an element" name="Service Tests Caja Service Service methods should find an element" time="0.03">
    </testcase>
    <testcase classname="Service Tests Caja Service Service methods should create a Caja" name="Service Tests Caja Service Service methods should create a Caja" time="0.093">
    </testcase>
    <testcase classname="Service Tests Caja Service Service methods should update a Caja" name="Service Tests Caja Service Service methods should update a Caja" time="0.024">
    </testcase>
    <testcase classname="Service Tests Caja Service Service methods should return a list of Caja" name="Service Tests Caja Service Service methods should return a list of Caja" time="0.028">
    </testcase>
    <testcase classname="Service Tests Caja Service Service methods should delete a Caja" name="Service Tests Caja Service Service methods should delete a Caja" time="0.031">
    </testcase>
  </testsuite>
  <testsuite name="Service Tests" errors="0" failures="0" skipped="0" timestamp="2019-09-25T19:54:44" time="1.652" tests="5">
    <testcase classname="Service Tests ListaPrecioRectificacionCRAM Service Service methods should find an element" name="Service Tests ListaPrecioRectificacionCRAM Service Service methods should find an element" time="0.024">
    </testcase>
    <testcase classname="Service Tests ListaPrecioRectificacionCRAM Service Service methods should create a ListaPrecioRectificacionCRAM" name="Service Tests ListaPrecioRectificacionCRAM Service Service methods should create a ListaPrecioRectificacionCRAM" time="0.02">
    </testcase>
    <testcase classname="Service Tests ListaPrecioRectificacionCRAM Service Service methods should update a ListaPrecioRectificacionCRAM" name="Service Tests ListaPrecioRectificacionCRAM Service Service methods should update a ListaPrecioRectificacionCRAM" time="0.022">
    </testcase>
    <testcase classname="Service Tests ListaPrecioRectificacionCRAM Service Service methods should return a list of ListaPrecioRectificacionCRAM" name="Service Tests ListaPrecioRectificacionCRAM Service Service methods should return a list of ListaPrecioRectificacionCRAM" time="0.016">
    </testcase>
    <testcase classname="Service Tests ListaPrecioRectificacionCRAM Service Service methods should delete a ListaPrecioRectificacionCRAM" name="Service Tests ListaPrecioRectificacionCRAM Service Service methods should delete a ListaPrecioRectificacionCRAM" time="0.015">
    </testcase>
  </testsuite>
  <testsuite name="Service Tests" errors="0" failures="0" skipped="0" timestamp="2019-09-25T19:54:44" time="1.386" tests="5">
    <testcase classname="Service Tests PedidoRepuesto Service Service methods should find an element" name="Service Tests PedidoRepuesto Service Service methods should find an element" time="0.026">
    </testcase>
    <testcase classname="Service Tests PedidoRepuesto Service Service methods should create a PedidoRepuesto" name="Service Tests PedidoRepuesto Service Service methods should create a PedidoRepuesto" time="0.018">
    </testcase>
    <testcase classname="Service Tests PedidoRepuesto Service Service methods should update a PedidoRepuesto" name="Service Tests PedidoRepuesto Service Service methods should update a PedidoRepuesto" time="0.017">
    </testcase>
    <testcase classname="Service Tests PedidoRepuesto Service Service methods should return a list of PedidoRepuesto" name="Service Tests PedidoRepuesto Service Service methods should return a list of PedidoRepuesto" time="0.014">
    </testcase>
    <testcase classname="Service Tests PedidoRepuesto Service Service methods should delete a PedidoRepuesto" name="Service Tests PedidoRepuesto Service Service methods should delete a PedidoRepuesto" time="0.021">
    </testcase>
  </testsuite>
  <testsuite name="Service Tests" errors="0" failures="0" skipped="0" timestamp="2019-09-25T19:54:46" time="1.313" tests="5">
    <testcase classname="Service Tests MedioDePagoCheque Service Service methods should find an element" name="Service Tests MedioDePagoCheque Service Service methods should find an element" time="0.027">
    </testcase>
    <testcase classname="Service Tests MedioDePagoCheque Service Service methods should create a MedioDePagoCheque" name="Service Tests MedioDePagoCheque Service Service methods should create a MedioDePagoCheque" time="0.018">
    </testcase>
    <testcase classname="Service Tests MedioDePagoCheque Service Service methods should update a MedioDePagoCheque" name="Service Tests MedioDePagoCheque Service Service methods should update a MedioDePagoCheque" time="0.022">
    </testcase>
    <testcase classname="Service Tests MedioDePagoCheque Service Service methods should return a list of MedioDePagoCheque" name="Service Tests MedioDePagoCheque Service Service methods should return a list of MedioDePagoCheque" time="0.017">
    </testcase>
    <testcase classname="Service Tests MedioDePagoCheque Service Service methods should delete a MedioDePagoCheque" name="Service Tests MedioDePagoCheque Service Service methods should delete a MedioDePagoCheque" time="0.019">
    </testcase>
  </testsuite>
  <testsuite name="Service Tests" errors="0" failures="0" skipped="0" timestamp="2019-09-25T19:54:46" time="1.223" tests="5">
    <testcase classname="Service Tests ListaPrecioDesdeHasta Service Service methods should find an element" name="Service Tests ListaPrecioDesdeHasta Service Service methods should find an element" time="0.024">
    </testcase>
    <testcase classname="Service Tests ListaPrecioDesdeHasta Service Service methods should create a ListaPrecioDesdeHasta" name="Service Tests ListaPrecioDesdeHasta Service Service methods should create a ListaPrecioDesdeHasta" time="0.026">
    </testcase>
    <testcase classname="Service Tests ListaPrecioDesdeHasta Service Service methods should update a ListaPrecioDesdeHasta" name="Service Tests ListaPrecioDesdeHasta Service Service methods should update a ListaPrecioDesdeHasta" time="0.031">
    </testcase>
    <testcase classname="Service Tests ListaPrecioDesdeHasta Service Service methods should return a list of ListaPrecioDesdeHasta" name="Service Tests ListaPrecioDesdeHasta Service Service methods should return a list of ListaPrecioDesdeHasta" time="0.024">
    </testcase>
    <testcase classname="Service Tests ListaPrecioDesdeHasta Service Service methods should delete a ListaPrecioDesdeHasta" name="Service Tests ListaPrecioDesdeHasta Service Service methods should delete a ListaPrecioDesdeHasta" time="0.025">
    </testcase>
  </testsuite>
  <testsuite name="Service Tests" errors="0" failures="0" skipped="0" timestamp="2019-09-25T19:54:47" time="1.369" tests="5">
    <testcase classname="Service Tests PagoCheque Service Service methods should find an element" name="Service Tests PagoCheque Service Service methods should find an element" time="0.023">
    </testcase>
    <testcase classname="Service Tests PagoCheque Service Service methods should create a PagoCheque" name="Service Tests PagoCheque Service Service methods should create a PagoCheque" time="0.024">
    </testcase>
    <testcase classname="Service Tests PagoCheque Service Service methods should update a PagoCheque" name="Service Tests PagoCheque Service Service methods should update a PagoCheque" time="0.019">
    </testcase>
    <testcase classname="Service Tests PagoCheque Service Service methods should return a list of PagoCheque" name="Service Tests PagoCheque Service Service methods should return a list of PagoCheque" time="0.014">
    </testcase>
    <testcase classname="Service Tests PagoCheque Service Service methods should delete a PagoCheque" name="Service Tests PagoCheque Service Service methods should delete a PagoCheque" time="0.025">
    </testcase>
  </testsuite>
  <testsuite name="Service Tests" errors="0" failures="0" skipped="0" timestamp="2019-09-25T19:54:47" time="1.323" tests="5">
    <testcase classname="Service Tests PrecioRepuesto Service Service methods should find an element" name="Service Tests PrecioRepuesto Service Service methods should find an element" time="0.025">
    </testcase>
    <testcase classname="Service Tests PrecioRepuesto Service Service methods should create a PrecioRepuesto" name="Service Tests PrecioRepuesto Service Service methods should create a PrecioRepuesto" time="0.017">
    </testcase>
    <testcase classname="Service Tests PrecioRepuesto Service Service methods should update a PrecioRepuesto" name="Service Tests PrecioRepuesto Service Service methods should update a PrecioRepuesto" time="0.027">
    </testcase>
    <testcase classname="Service Tests PrecioRepuesto Service Service methods should return a list of PrecioRepuesto" name="Service Tests PrecioRepuesto Service Service methods should return a list of PrecioRepuesto" time="0.023">
    </testcase>
    <testcase classname="Service Tests PrecioRepuesto Service Service methods should delete a PrecioRepuesto" name="Service Tests PrecioRepuesto Service Service methods should delete a PrecioRepuesto" time="0.014">
    </testcase>
  </testsuite>
  <testsuite name="Service Tests" errors="0" failures="0" skipped="0" timestamp="2019-09-25T19:54:48" time="1.205" tests="5">
    <testcase classname="Service Tests Movimiento Service Service methods should find an element" name="Service Tests Movimiento Service Service methods should find an element" time="0.023">
    </testcase>
    <testcase classname="Service Tests Movimiento Service Service methods should create a Movimiento" name="Service Tests Movimiento Service Service methods should create a Movimiento" time="0.022">
    </testcase>
    <testcase classname="Service Tests Movimiento Service Service methods should update a Movimiento" name="Service Tests Movimiento Service Service methods should update a Movimiento" time="0.022">
    </testcase>
    <testcase classname="Service Tests Movimiento Service Service methods should return a list of Movimiento" name="Service Tests Movimiento Service Service methods should return a list of Movimiento" time="0.013">
    </testcase>
    <testcase classname="Service Tests Movimiento Service Service methods should delete a Movimiento" name="Service Tests Movimiento Service Service methods should delete a Movimiento" time="0.015">
    </testcase>
  </testsuite>
  <testsuite name="Service Tests" errors="0" failures="0" skipped="0" timestamp="2019-09-25T19:54:48" time="1.249" tests="5">
    <testcase classname="Service Tests HistorialPrecio Service Service methods should find an element" name="Service Tests HistorialPrecio Service Service methods should find an element" time="0.021">
    </testcase>
    <testcase classname="Service Tests HistorialPrecio Service Service methods should create a HistorialPrecio" name="Service Tests HistorialPrecio Service Service methods should create a HistorialPrecio" time="0.018">
    </testcase>
    <testcase classname="Service Tests HistorialPrecio Service Service methods should update a HistorialPrecio" name="Service Tests HistorialPrecio Service Service methods should update a HistorialPrecio" time="0.053">
    </testcase>
    <testcase classname="Service Tests HistorialPrecio Service Service methods should return a list of HistorialPrecio" name="Service Tests HistorialPrecio Service Service methods should return a list of HistorialPrecio" time="0.013">
    </testcase>
    <testcase classname="Service Tests HistorialPrecio Service Service methods should delete a HistorialPrecio" name="Service Tests HistorialPrecio Service Service methods should delete a HistorialPrecio" time="0.014">
    </testcase>
  </testsuite>
  <testsuite name="Component Tests" errors="0" failures="0" skipped="0" timestamp="2019-09-25T19:54:50" time="1.51" tests="6">
    <testcase classname="Component Tests PedidoRepuesto Management Component Should call load all on init" name="Component Tests PedidoRepuesto Management Component Should call load all on init" time="0.055">
    </testcase>
    <testcase classname="Component Tests PedidoRepuesto Management Component should load a page" name="Component Tests PedidoRepuesto Management Component should load a page" time="0.042">
    </testcase>
    <testcase classname="Component Tests PedidoRepuesto Management Component should not load a page is the page is the same as the previous page" name="Component Tests PedidoRepuesto Management Component should not load a page is the page is the same as the previous page" time="0.039">
    </testcase>
    <testcase classname="Component Tests PedidoRepuesto Management Component should re-initialize the page" name="Component Tests PedidoRepuesto Management Component should re-initialize the page" time="0.037">
    </testcase>
    <testcase classname="Component Tests PedidoRepuesto Management Component should calculate the sort attribute for an id" name="Component Tests PedidoRepuesto Management Component should calculate the sort attribute for an id" time="0.038">
    </testcase>
    <testcase classname="Component Tests PedidoRepuesto Management Component should calculate the sort attribute for a non-id attribute" name="Component Tests PedidoRepuesto Management Component should calculate the sort attribute for a non-id attribute" time="0.036">
    </testcase>
  </testsuite>
  <testsuite name="Component Tests" errors="0" failures="0" skipped="0" timestamp="2019-09-25T19:54:49" time="1.679" tests="6">
    <testcase classname="Component Tests AuditsComponent today function  should set toDate to current date" name="Component Tests AuditsComponent today function  should set toDate to current date" time="0.049">
    </testcase>
    <testcase classname="Component Tests AuditsComponent previousMonth function  should set fromDate to current date" name="Component Tests AuditsComponent previousMonth function  should set fromDate to current date" time="0.027">
    </testcase>
    <testcase classname="Component Tests AuditsComponent By default, on init should set all default values correctly" name="Component Tests AuditsComponent By default, on init should set all default values correctly" time="0.026">
    </testcase>
    <testcase classname="Component Tests AuditsComponent OnInit Should call load all on init" name="Component Tests AuditsComponent OnInit Should call load all on init" time="0.043">
    </testcase>
    <testcase classname="Component Tests AuditsComponent Create sort object Should sort only by id asc" name="Component Tests AuditsComponent Create sort object Should sort only by id asc" time="0.02">
    </testcase>
    <testcase classname="Component Tests AuditsComponent Create sort object Should sort by timestamp asc then by id" name="Component Tests AuditsComponent Create sort object Should sort by timestamp asc then by id" time="0.019">
    </testcase>
  </testsuite>
  <testsuite name="Component Tests" errors="0" failures="0" skipped="0" timestamp="2019-09-25T19:54:51" time="1.39" tests="5">
    <testcase classname="Component Tests RegisterComponent should ensure the two passwords entered match" name="Component Tests RegisterComponent should ensure the two passwords entered match" time="0.037">
    </testcase>
    <testcase classname="Component Tests RegisterComponent should update success to OK after creating an account" name="Component Tests RegisterComponent should update success to OK after creating an account" time="0.03">
    </testcase>
    <testcase classname="Component Tests RegisterComponent should notify of user existence upon 400/login already in use" name="Component Tests RegisterComponent should notify of user existence upon 400/login already in use" time="0.025">
    </testcase>
    <testcase classname="Component Tests RegisterComponent should notify of email existence upon 400/email address already in use" name="Component Tests RegisterComponent should notify of email existence upon 400/email address already in use" time="0.021">
    </testcase>
    <testcase classname="Component Tests RegisterComponent should notify of generic error" name="Component Tests RegisterComponent should notify of generic error" time="0.029">
    </testcase>
  </testsuite>
  <testsuite name="Component Tests" errors="0" failures="0" skipped="0" timestamp="2019-09-25T19:54:51" time="1.295" tests="5">
    <testcase classname="Component Tests PasswordResetInitComponent should define its initial state" name="Component Tests PasswordResetInitComponent should define its initial state" time="0.047">
    </testcase>
    <testcase classname="Component Tests PasswordResetInitComponent sets focus after the view has been initialized" name="Component Tests PasswordResetInitComponent sets focus after the view has been initialized" time="0.027">
    </testcase>
    <testcase classname="Component Tests PasswordResetInitComponent notifies of success upon successful requestReset" name="Component Tests PasswordResetInitComponent notifies of success upon successful requestReset" time="0.021">
    </testcase>
    <testcase classname="Component Tests PasswordResetInitComponent notifies of unknown email upon email address not registered/400" name="Component Tests PasswordResetInitComponent notifies of unknown email upon email address not registered/400" time="0.024">
    </testcase>
    <testcase classname="Component Tests PasswordResetInitComponent notifies of error upon error response" name="Component Tests PasswordResetInitComponent notifies of error upon error response" time="0.024">
    </testcase>
  </testsuite>
  <testsuite name="Component Tests" errors="0" failures="0" skipped="0" timestamp="2019-09-25T19:54:52" time="1.38" tests="6">
    <testcase classname="Component Tests Presupuesto Management Component Should call load all on init" name="Component Tests Presupuesto Management Component Should call load all on init" time="0.057">
    </testcase>
    <testcase classname="Component Tests Presupuesto Management Component should load a page" name="Component Tests Presupuesto Management Component should load a page" time="0.048">
    </testcase>
    <testcase classname="Component Tests Presupuesto Management Component should not load a page is the page is the same as the previous page" name="Component Tests Presupuesto Management Component should not load a page is the page is the same as the previous page" time="0.04">
    </testcase>
    <testcase classname="Component Tests Presupuesto Management Component should re-initialize the page" name="Component Tests Presupuesto Management Component should re-initialize the page" time="0.046">
    </testcase>
    <testcase classname="Component Tests Presupuesto Management Component should calculate the sort attribute for an id" name="Component Tests Presupuesto Management Component should calculate the sort attribute for an id" time="0.045">
    </testcase>
    <testcase classname="Component Tests Presupuesto Management Component should calculate the sort attribute for a non-id attribute" name="Component Tests Presupuesto Management Component should calculate the sort attribute for a non-id attribute" time="0.039">
    </testcase>
  </testsuite>
  <testsuite name="Component Tests" errors="0" failures="0" skipped="0" timestamp="2019-09-25T19:54:52" time="1.509" tests="5">
    <testcase classname="Component Tests PasswordResetFinishComponent should define its initial state" name="Component Tests PasswordResetFinishComponent should define its initial state" time="0.038">
    </testcase>
    <testcase classname="Component Tests PasswordResetFinishComponent sets focus after the view has been initialized" name="Component Tests PasswordResetFinishComponent sets focus after the view has been initialized" time="0.026">
    </testcase>
    <testcase classname="Component Tests PasswordResetFinishComponent should ensure the two passwords entered match" name="Component Tests PasswordResetFinishComponent should ensure the two passwords entered match" time="0.031">
    </testcase>
    <testcase classname="Component Tests PasswordResetFinishComponent should update success to OK after resetting password" name="Component Tests PasswordResetFinishComponent should update success to OK after resetting password" time="0.037">
    </testcase>
    <testcase classname="Component Tests PasswordResetFinishComponent should notify of generic error" name="Component Tests PasswordResetFinishComponent should notify of generic error" time="0.024">
    </testcase>
  </testsuite>
  <testsuite name="Component Tests" errors="0" failures="0" skipped="0" timestamp="2019-09-25T19:54:54" time="1.674" tests="6">
    <testcase classname="Component Tests Movimiento Management Component Should call load all on init" name="Component Tests Movimiento Management Component Should call load all on init" time="0.061">
    </testcase>
    <testcase classname="Component Tests Movimiento Management Component should load a page" name="Component Tests Movimiento Management Component should load a page" time="0.046">
    </testcase>
    <testcase classname="Component Tests Movimiento Management Component should not load a page is the page is the same as the previous page" name="Component Tests Movimiento Management Component should not load a page is the page is the same as the previous page" time="0.034">
    </testcase>
    <testcase classname="Component Tests Movimiento Management Component should re-initialize the page" name="Component Tests Movimiento Management Component should re-initialize the page" time="0.047">
    </testcase>
    <testcase classname="Component Tests Movimiento Management Component should calculate the sort attribute for an id" name="Component Tests Movimiento Management Component should calculate the sort attribute for an id" time="0.035">
    </testcase>
    <testcase classname="Component Tests Movimiento Management Component should calculate the sort attribute for a non-id attribute" name="Component Tests Movimiento Management Component should calculate the sort attribute for a non-id attribute" time="0.032">
    </testcase>
  </testsuite>
  <testsuite name="Component Tests" errors="0" failures="0" skipped="0" timestamp="2019-09-25T19:54:54" time="1.764" tests="6">
    <testcase classname="Component Tests Proveedor Management Component Should call load all on init" name="Component Tests Proveedor Management Component Should call load all on init" time="0.062">
    </testcase>
    <testcase classname="Component Tests Proveedor Management Component should load a page" name="Component Tests Proveedor Management Component should load a page" time="0.044">
    </testcase>
    <testcase classname="Component Tests Proveedor Management Component should not load a page is the page is the same as the previous page" name="Component Tests Proveedor Management Component should not load a page is the page is the same as the previous page" time="0.035">
    </testcase>
    <testcase classname="Component Tests Proveedor Management Component should re-initialize the page" name="Component Tests Proveedor Management Component should re-initialize the page" time="0.041">
    </testcase>
    <testcase classname="Component Tests Proveedor Management Component should calculate the sort attribute for an id" name="Component Tests Proveedor Management Component should calculate the sort attribute for an id" time="0.039">
    </testcase>
    <testcase classname="Component Tests Proveedor Management Component should calculate the sort attribute for a non-id attribute" name="Component Tests Proveedor Management Component should calculate the sort attribute for a non-id attribute" time="0.041">
    </testcase>
  </testsuite>
  <testsuite name="Component Tests" errors="0" failures="0" skipped="0" timestamp="2019-09-25T19:54:56" time="1.803" tests="6">
    <testcase classname="Component Tests Articulo Management Component Should call load all on init" name="Component Tests Articulo Management Component Should call load all on init" time="0.057">
    </testcase>
    <testcase classname="Component Tests Articulo Management Component should load a page" name="Component Tests Articulo Management Component should load a page" time="0.05">
    </testcase>
    <testcase classname="Component Tests Articulo Management Component should not load a page is the page is the same as the previous page" name="Component Tests Articulo Management Component should not load a page is the page is the same as the previous page" time="0.04">
    </testcase>
    <testcase classname="Component Tests Articulo Management Component should re-initialize the page" name="Component Tests Articulo Management Component should re-initialize the page" time="0.04">
    </testcase>
    <testcase classname="Component Tests Articulo Management Component should calculate the sort attribute for an id" name="Component Tests Articulo Management Component should calculate the sort attribute for an id" time="0.046">
    </testcase>
    <testcase classname="Component Tests Articulo Management Component should calculate the sort attribute for a non-id attribute" name="Component Tests Articulo Management Component should calculate the sort attribute for a non-id attribute" time="0.044">
    </testcase>
  </testsuite>
  <testsuite name="Component Tests" errors="0" failures="0" skipped="0" timestamp="2019-09-25T19:54:56" time="1.72" tests="6">
    <testcase classname="Component Tests Persona Management Component Should call load all on init" name="Component Tests Persona Management Component Should call load all on init" time="0.06">
    </testcase>
    <testcase classname="Component Tests Persona Management Component should load a page" name="Component Tests Persona Management Component should load a page" time="0.043">
    </testcase>
    <testcase classname="Component Tests Persona Management Component should not load a page is the page is the same as the previous page" name="Component Tests Persona Management Component should not load a page is the page is the same as the previous page" time="0.046">
    </testcase>
    <testcase classname="Component Tests Persona Management Component should re-initialize the page" name="Component Tests Persona Management Component should re-initialize the page" time="0.038">
    </testcase>
    <testcase classname="Component Tests Persona Management Component should calculate the sort attribute for an id" name="Component Tests Persona Management Component should calculate the sort attribute for an id" time="0.038">
    </testcase>
    <testcase classname="Component Tests Persona Management Component should calculate the sort attribute for a non-id attribute" name="Component Tests Persona Management Component should calculate the sort attribute for a non-id attribute" time="0.067">
    </testcase>
  </testsuite>
  <testsuite name="Service Tests" errors="0" failures="0" skipped="0" timestamp="2019-09-25T19:54:57" time="1.057" tests="5">
    <testcase classname="Service Tests DetalleMovimiento Service Service methods should find an element" name="Service Tests DetalleMovimiento Service Service methods should find an element" time="0.02">
    </testcase>
    <testcase classname="Service Tests DetalleMovimiento Service Service methods should create a DetalleMovimiento" name="Service Tests DetalleMovimiento Service Service methods should create a DetalleMovimiento" time="0.019">
    </testcase>
    <testcase classname="Service Tests DetalleMovimiento Service Service methods should update a DetalleMovimiento" name="Service Tests DetalleMovimiento Service Service methods should update a DetalleMovimiento" time="0.017">
    </testcase>
    <testcase classname="Service Tests DetalleMovimiento Service Service methods should return a list of DetalleMovimiento" name="Service Tests DetalleMovimiento Service Service methods should return a list of DetalleMovimiento" time="0.016">
    </testcase>
    <testcase classname="Service Tests DetalleMovimiento Service Service methods should delete a DetalleMovimiento" name="Service Tests DetalleMovimiento Service Service methods should delete a DetalleMovimiento" time="0.021">
    </testcase>
  </testsuite>
  <testsuite name="Component Tests" errors="0" failures="0" skipped="0" timestamp="2019-09-25T19:54:58" time="1.322" tests="6">
    <testcase classname="Component Tests Caja Management Component Should call load all on init" name="Component Tests Caja Management Component Should call load all on init" time="0.065">
    </testcase>
    <testcase classname="Component Tests Caja Management Component should load a page" name="Component Tests Caja Management Component should load a page" time="0.04">
    </testcase>
    <testcase classname="Component Tests Caja Management Component should not load a page is the page is the same as the previous page" name="Component Tests Caja Management Component should not load a page is the page is the same as the previous page" time="0.038">
    </testcase>
    <testcase classname="Component Tests Caja Management Component should re-initialize the page" name="Component Tests Caja Management Component should re-initialize the page" time="0.047">
    </testcase>
    <testcase classname="Component Tests Caja Management Component should calculate the sort attribute for an id" name="Component Tests Caja Management Component should calculate the sort attribute for an id" time="0.036">
    </testcase>
    <testcase classname="Component Tests Caja Management Component should calculate the sort attribute for a non-id attribute" name="Component Tests Caja Management Component should calculate the sort attribute for a non-id attribute" time="0.036">
    </testcase>
  </testsuite>
  <testsuite name="Service Tests" errors="0" failures="0" skipped="0" timestamp="2019-09-25T19:54:59" time="1.049" tests="5">
    <testcase classname="Service Tests EstadoCobranzaOperacion Service Service methods should find an element" name="Service Tests EstadoCobranzaOperacion Service Service methods should find an element" time="0.026">
    </testcase>
    <testcase classname="Service Tests EstadoCobranzaOperacion Service Service methods should create a EstadoCobranzaOperacion" name="Service Tests EstadoCobranzaOperacion Service Service methods should create a EstadoCobranzaOperacion" time="0.02">
    </testcase>
    <testcase classname="Service Tests EstadoCobranzaOperacion Service Service methods should update a EstadoCobranzaOperacion" name="Service Tests EstadoCobranzaOperacion Service Service methods should update a EstadoCobranzaOperacion" time="0.021">
    </testcase>
    <testcase classname="Service Tests EstadoCobranzaOperacion Service Service methods should return a list of EstadoCobranzaOperacion" name="Service Tests EstadoCobranzaOperacion Service Service methods should return a list of EstadoCobranzaOperacion" time="0.037">
    </testcase>
    <testcase classname="Service Tests EstadoCobranzaOperacion Service Service methods should delete a EstadoCobranzaOperacion" name="Service Tests EstadoCobranzaOperacion Service Service methods should delete a EstadoCobranzaOperacion" time="0.02">
    </testcase>
  </testsuite>
  <testsuite name="Service Tests" errors="0" failures="0" skipped="0" timestamp="2019-09-25T19:54:59" time="1.05" tests="5">
    <testcase classname="Service Tests TipoDetalleMovimiento Service Service methods should find an element" name="Service Tests TipoDetalleMovimiento Service Service methods should find an element" time="0.02">
    </testcase>
    <testcase classname="Service Tests TipoDetalleMovimiento Service Service methods should create a TipoDetalleMovimiento" name="Service Tests TipoDetalleMovimiento Service Service methods should create a TipoDetalleMovimiento" time="0.027">
    </testcase>
    <testcase classname="Service Tests TipoDetalleMovimiento Service Service methods should update a TipoDetalleMovimiento" name="Service Tests TipoDetalleMovimiento Service Service methods should update a TipoDetalleMovimiento" time="0.014">
    </testcase>
    <testcase classname="Service Tests TipoDetalleMovimiento Service Service methods should return a list of TipoDetalleMovimiento" name="Service Tests TipoDetalleMovimiento Service Service methods should return a list of TipoDetalleMovimiento" time="0.016">
    </testcase>
    <testcase classname="Service Tests TipoDetalleMovimiento Service Service methods should delete a TipoDetalleMovimiento" name="Service Tests TipoDetalleMovimiento Service Service methods should delete a TipoDetalleMovimiento" time="0.015">
    </testcase>
  </testsuite>
  <testsuite name="Service Tests" errors="0" failures="0" skipped="0" timestamp="2019-09-25T19:55:00" time="1.009" tests="5">
    <testcase classname="Service Tests EstadoPedidoRepuesto Service Service methods should find an element" name="Service Tests EstadoPedidoRepuesto Service Service methods should find an element" time="0.022">
    </testcase>
    <testcase classname="Service Tests EstadoPedidoRepuesto Service Service methods should create a EstadoPedidoRepuesto" name="Service Tests EstadoPedidoRepuesto Service Service methods should create a EstadoPedidoRepuesto" time="0.021">
    </testcase>
    <testcase classname="Service Tests EstadoPedidoRepuesto Service Service methods should update a EstadoPedidoRepuesto" name="Service Tests EstadoPedidoRepuesto Service Service methods should update a EstadoPedidoRepuesto" time="0.013">
    </testcase>
    <testcase classname="Service Tests EstadoPedidoRepuesto Service Service methods should return a list of EstadoPedidoRepuesto" name="Service Tests EstadoPedidoRepuesto Service Service methods should return a list of EstadoPedidoRepuesto" time="0.014">
    </testcase>
    <testcase classname="Service Tests EstadoPedidoRepuesto Service Service methods should delete a EstadoPedidoRepuesto" name="Service Tests EstadoPedidoRepuesto Service Service methods should delete a EstadoPedidoRepuesto" time="0.013">
    </testcase>
  </testsuite>
  <testsuite name="Service Tests" errors="0" failures="0" skipped="0" timestamp="2019-09-25T19:55:00" time="0.991" tests="5">
    <testcase classname="Service Tests EstadoCostoRepuesto Service Service methods should find an element" name="Service Tests EstadoCostoRepuesto Service Service methods should find an element" time="0.018">
    </testcase>
    <testcase classname="Service Tests EstadoCostoRepuesto Service Service methods should create a EstadoCostoRepuesto" name="Service Tests EstadoCostoRepuesto Service Service methods should create a EstadoCostoRepuesto" time="0.018">
    </testcase>
    <testcase classname="Service Tests EstadoCostoRepuesto Service Service methods should update a EstadoCostoRepuesto" name="Service Tests EstadoCostoRepuesto Service Service methods should update a EstadoCostoRepuesto" time="0.011">
    </testcase>
    <testcase classname="Service Tests EstadoCostoRepuesto Service Service methods should return a list of EstadoCostoRepuesto" name="Service Tests EstadoCostoRepuesto Service Service methods should return a list of EstadoCostoRepuesto" time="0.012">
    </testcase>
    <testcase classname="Service Tests EstadoCostoRepuesto Service Service methods should delete a EstadoCostoRepuesto" name="Service Tests EstadoCostoRepuesto Service Service methods should delete a EstadoCostoRepuesto" time="0.013">
    </testcase>
  </testsuite>
  <testsuite name="Service Tests" errors="0" failures="0" skipped="0" timestamp="2019-09-25T19:55:01" time="0.926" tests="5">
    <testcase classname="Service Tests EstadoDetallePedido Service Service methods should find an element" name="Service Tests EstadoDetallePedido Service Service methods should find an element" time="0.017">
    </testcase>
    <testcase classname="Service Tests EstadoDetallePedido Service Service methods should create a EstadoDetallePedido" name="Service Tests EstadoDetallePedido Service Service methods should create a EstadoDetallePedido" time="0.02">
    </testcase>
    <testcase classname="Service Tests EstadoDetallePedido Service Service methods should update a EstadoDetallePedido" name="Service Tests EstadoDetallePedido Service Service methods should update a EstadoDetallePedido" time="0.014">
    </testcase>
    <testcase classname="Service Tests EstadoDetallePedido Service Service methods should return a list of EstadoDetallePedido" name="Service Tests EstadoDetallePedido Service Service methods should return a list of EstadoDetallePedido" time="0.013">
    </testcase>
    <testcase classname="Service Tests EstadoDetallePedido Service Service methods should delete a EstadoDetallePedido" name="Service Tests EstadoDetallePedido Service Service methods should delete a EstadoDetallePedido" time="0.015">
    </testcase>
  </testsuite>
  <testsuite name="Service Tests" errors="0" failures="0" skipped="0" timestamp="2019-09-25T19:55:01" time="0.914" tests="5">
    <testcase classname="Service Tests MedioDePagoTarjeta Service Service methods should find an element" name="Service Tests MedioDePagoTarjeta Service Service methods should find an element" time="0.03">
    </testcase>
    <testcase classname="Service Tests MedioDePagoTarjeta Service Service methods should create a MedioDePagoTarjeta" name="Service Tests MedioDePagoTarjeta Service Service methods should create a MedioDePagoTarjeta" time="0.028">
    </testcase>
    <testcase classname="Service Tests MedioDePagoTarjeta Service Service methods should update a MedioDePagoTarjeta" name="Service Tests MedioDePagoTarjeta Service Service methods should update a MedioDePagoTarjeta" time="0.047">
    </testcase>
    <testcase classname="Service Tests MedioDePagoTarjeta Service Service methods should return a list of MedioDePagoTarjeta" name="Service Tests MedioDePagoTarjeta Service Service methods should return a list of MedioDePagoTarjeta" time="0.014">
    </testcase>
    <testcase classname="Service Tests MedioDePagoTarjeta Service Service methods should delete a MedioDePagoTarjeta" name="Service Tests MedioDePagoTarjeta Service Service methods should delete a MedioDePagoTarjeta" time="0.013">
    </testcase>
  </testsuite>
  <testsuite name="Service Tests" errors="0" failures="0" skipped="0" timestamp="2019-09-25T19:55:02" time="1.085" tests="5">
    <testcase classname="Service Tests DocumentationType Service Service methods should find an element" name="Service Tests DocumentationType Service Service methods should find an element" time="0.022">
    </testcase>
    <testcase classname="Service Tests DocumentationType Service Service methods should create a DocumentationType" name="Service Tests DocumentationType Service Service methods should create a DocumentationType" time="0.016">
    </testcase>
    <testcase classname="Service Tests DocumentationType Service Service methods should update a DocumentationType" name="Service Tests DocumentationType Service Service methods should update a DocumentationType" time="0.016">
    </testcase>
    <testcase classname="Service Tests DocumentationType Service Service methods should return a list of DocumentationType" name="Service Tests DocumentationType Service Service methods should return a list of DocumentationType" time="0.018">
    </testcase>
    <testcase classname="Service Tests DocumentationType Service Service methods should delete a DocumentationType" name="Service Tests DocumentationType Service Service methods should delete a DocumentationType" time="0.014">
    </testcase>
  </testsuite>
  <testsuite name="Service Tests" errors="0" failures="0" skipped="0" timestamp="2019-09-25T19:55:02" time="1.087" tests="5">
    <testcase classname="Service Tests EstadoPresupuesto Service Service methods should find an element" name="Service Tests EstadoPresupuesto Service Service methods should find an element" time="0.02">
    </testcase>
    <testcase classname="Service Tests EstadoPresupuesto Service Service methods should create a EstadoPresupuesto" name="Service Tests EstadoPresupuesto Service Service methods should create a EstadoPresupuesto" time="0.019">
    </testcase>
    <testcase classname="Service Tests EstadoPresupuesto Service Service methods should update a EstadoPresupuesto" name="Service Tests EstadoPresupuesto Service Service methods should update a EstadoPresupuesto" time="0.021">
    </testcase>
    <testcase classname="Service Tests EstadoPresupuesto Service Service methods should return a list of EstadoPresupuesto" name="Service Tests EstadoPresupuesto Service Service methods should return a list of EstadoPresupuesto" time="0.018">
    </testcase>
    <testcase classname="Service Tests EstadoPresupuesto Service Service methods should delete a EstadoPresupuesto" name="Service Tests EstadoPresupuesto Service Service methods should delete a EstadoPresupuesto" time="0.013">
    </testcase>
  </testsuite>
  <testsuite name="Service Tests" errors="0" failures="0" skipped="0" timestamp="2019-09-25T19:55:03" time="0.95" tests="5">
    <testcase classname="Service Tests CobranzaOperacion Service Service methods should find an element" name="Service Tests CobranzaOperacion Service Service methods should find an element" time="0.021">
    </testcase>
    <testcase classname="Service Tests CobranzaOperacion Service Service methods should create a CobranzaOperacion" name="Service Tests CobranzaOperacion Service Service methods should create a CobranzaOperacion" time="0.015">
    </testcase>
    <testcase classname="Service Tests CobranzaOperacion Service Service methods should update a CobranzaOperacion" name="Service Tests CobranzaOperacion Service Service methods should update a CobranzaOperacion" time="0.022">
    </testcase>
    <testcase classname="Service Tests CobranzaOperacion Service Service methods should return a list of CobranzaOperacion" name="Service Tests CobranzaOperacion Service Service methods should return a list of CobranzaOperacion" time="0.016">
    </testcase>
    <testcase classname="Service Tests CobranzaOperacion Service Service methods should delete a CobranzaOperacion" name="Service Tests CobranzaOperacion Service Service methods should delete a CobranzaOperacion" time="0.016">
    </testcase>
  </testsuite>
  <testsuite name="Service Tests" errors="0" failures="0" skipped="0" timestamp="2019-09-25T19:55:03" time="1.006" tests="5">
    <testcase classname="Service Tests MovimientoArticulo Service Service methods should find an element" name="Service Tests MovimientoArticulo Service Service methods should find an element" time="0.024">
    </testcase>
    <testcase classname="Service Tests MovimientoArticulo Service Service methods should create a MovimientoArticulo" name="Service Tests MovimientoArticulo Service Service methods should create a MovimientoArticulo" time="0.014">
    </testcase>
    <testcase classname="Service Tests MovimientoArticulo Service Service methods should update a MovimientoArticulo" name="Service Tests MovimientoArticulo Service Service methods should update a MovimientoArticulo" time="0.014">
    </testcase>
    <testcase classname="Service Tests MovimientoArticulo Service Service methods should return a list of MovimientoArticulo" name="Service Tests MovimientoArticulo Service Service methods should return a list of MovimientoArticulo" time="0.02">
    </testcase>
    <testcase classname="Service Tests MovimientoArticulo Service Service methods should delete a MovimientoArticulo" name="Service Tests MovimientoArticulo Service Service methods should delete a MovimientoArticulo" time="0.016">
    </testcase>
  </testsuite>
  <testsuite name="Service Tests" errors="0" failures="0" skipped="0" timestamp="2019-09-25T19:55:04" time="0.863" tests="5">
    <testcase classname="Service Tests EstadoMovimiento Service Service methods should find an element" name="Service Tests EstadoMovimiento Service Service methods should find an element" time="0.025">
    </testcase>
    <testcase classname="Service Tests EstadoMovimiento Service Service methods should create a EstadoMovimiento" name="Service Tests EstadoMovimiento Service Service methods should create a EstadoMovimiento" time="0.015">
    </testcase>
    <testcase classname="Service Tests EstadoMovimiento Service Service methods should update a EstadoMovimiento" name="Service Tests EstadoMovimiento Service Service methods should update a EstadoMovimiento" time="0.016">
    </testcase>
    <testcase classname="Service Tests EstadoMovimiento Service Service methods should return a list of EstadoMovimiento" name="Service Tests EstadoMovimiento Service Service methods should return a list of EstadoMovimiento" time="0.014">
    </testcase>
    <testcase classname="Service Tests EstadoMovimiento Service Service methods should delete a EstadoMovimiento" name="Service Tests EstadoMovimiento Service Service methods should delete a EstadoMovimiento" time="0.016">
    </testcase>
  </testsuite>
  <testsuite name="Service Tests" errors="0" failures="0" skipped="0" timestamp="2019-09-25T19:55:04" time="1.272" tests="5">
    <testcase classname="Service Tests DetallePresupuesto Service Service methods should find an element" name="Service Tests DetallePresupuesto Service Service methods should find an element" time="0.023">
    </testcase>
    <testcase classname="Service Tests DetallePresupuesto Service Service methods should create a DetallePresupuesto" name="Service Tests DetallePresupuesto Service Service methods should create a DetallePresupuesto" time="0.019">
    </testcase>
    <testcase classname="Service Tests DetallePresupuesto Service Service methods should update a DetallePresupuesto" name="Service Tests DetallePresupuesto Service Service methods should update a DetallePresupuesto" time="0.025">
    </testcase>
    <testcase classname="Service Tests DetallePresupuesto Service Service methods should return a list of DetallePresupuesto" name="Service Tests DetallePresupuesto Service Service methods should return a list of DetallePresupuesto" time="0.017">
    </testcase>
    <testcase classname="Service Tests DetallePresupuesto Service Service methods should delete a DetallePresupuesto" name="Service Tests DetallePresupuesto Service Service methods should delete a DetallePresupuesto" time="0.02">
    </testcase>
  </testsuite>
  <testsuite name="Service Tests" errors="0" failures="0" skipped="0" timestamp="2019-09-25T19:55:04" time="1.159" tests="5">
    <testcase classname="Service Tests TipoParteMotor Service Service methods should find an element" name="Service Tests TipoParteMotor Service Service methods should find an element" time="0.022">
    </testcase>
    <testcase classname="Service Tests TipoParteMotor Service Service methods should create a TipoParteMotor" name="Service Tests TipoParteMotor Service Service methods should create a TipoParteMotor" time="0.017">
    </testcase>
    <testcase classname="Service Tests TipoParteMotor Service Service methods should update a TipoParteMotor" name="Service Tests TipoParteMotor Service Service methods should update a TipoParteMotor" time="0.027">
    </testcase>
    <testcase classname="Service Tests TipoParteMotor Service Service methods should return a list of TipoParteMotor" name="Service Tests TipoParteMotor Service Service methods should return a list of TipoParteMotor" time="0.023">
    </testcase>
    <testcase classname="Service Tests TipoParteMotor Service Service methods should delete a TipoParteMotor" name="Service Tests TipoParteMotor Service Service methods should delete a TipoParteMotor" time="0.042">
    </testcase>
  </testsuite>
  <testsuite name="Service Tests" errors="0" failures="0" skipped="0" timestamp="2019-09-25T19:55:05" time="1.184" tests="5">
    <testcase classname="Service Tests TipoMovimiento Service Service methods should find an element" name="Service Tests TipoMovimiento Service Service methods should find an element" time="0.04">
    </testcase>
    <testcase classname="Service Tests TipoMovimiento Service Service methods should create a TipoMovimiento" name="Service Tests TipoMovimiento Service Service methods should create a TipoMovimiento" time="0.019">
    </testcase>
    <testcase classname="Service Tests TipoMovimiento Service Service methods should update a TipoMovimiento" name="Service Tests TipoMovimiento Service Service methods should update a TipoMovimiento" time="0.022">
    </testcase>
    <testcase classname="Service Tests TipoMovimiento Service Service methods should return a list of TipoMovimiento" name="Service Tests TipoMovimiento Service Service methods should return a list of TipoMovimiento" time="0.025">
    </testcase>
    <testcase classname="Service Tests TipoMovimiento Service Service methods should delete a TipoMovimiento" name="Service Tests TipoMovimiento Service Service methods should delete a TipoMovimiento" time="0.013">
    </testcase>
  </testsuite>
  <testsuite name="Service Tests" errors="0" failures="0" skipped="0" timestamp="2019-09-25T19:55:06" time="0.922" tests="5">
    <testcase classname="Service Tests EstadoOperacion Service Service methods should find an element" name="Service Tests EstadoOperacion Service Service methods should find an element" time="0.02">
    </testcase>
    <testcase classname="Service Tests EstadoOperacion Service Service methods should create a EstadoOperacion" name="Service Tests EstadoOperacion Service Service methods should create a EstadoOperacion" time="0.016">
    </testcase>
    <testcase classname="Service Tests EstadoOperacion Service Service methods should update a EstadoOperacion" name="Service Tests EstadoOperacion Service Service methods should update a EstadoOperacion" time="0.014">
    </testcase>
    <testcase classname="Service Tests EstadoOperacion Service Service methods should return a list of EstadoOperacion" name="Service Tests EstadoOperacion Service Service methods should return a list of EstadoOperacion" time="0.014">
    </testcase>
    <testcase classname="Service Tests EstadoOperacion Service Service methods should delete a EstadoOperacion" name="Service Tests EstadoOperacion Service Service methods should delete a EstadoOperacion" time="0.017">
    </testcase>
  </testsuite>
  <testsuite name="Service Tests" errors="0" failures="0" skipped="0" timestamp="2019-09-25T19:55:06" time="0.855" tests="5">
    <testcase classname="Service Tests Articulo Service Service methods should find an element" name="Service Tests Articulo Service Service methods should find an element" time="0.019">
    </testcase>
    <testcase classname="Service Tests Articulo Service Service methods should create a Articulo" name="Service Tests Articulo Service Service methods should create a Articulo" time="0.016">
    </testcase>
    <testcase classname="Service Tests Articulo Service Service methods should update a Articulo" name="Service Tests Articulo Service Service methods should update a Articulo" time="0.014">
    </testcase>
    <testcase classname="Service Tests Articulo Service Service methods should return a list of Articulo" name="Service Tests Articulo Service Service methods should return a list of Articulo" time="0.015">
    </testcase>
    <testcase classname="Service Tests Articulo Service Service methods should delete a Articulo" name="Service Tests Articulo Service Service methods should delete a Articulo" time="0.015">
    </testcase>
  </testsuite>
  <testsuite name="Service Tests" errors="0" failures="0" skipped="0" timestamp="2019-09-25T19:55:07" time="1.22" tests="5">
    <testcase classname="Service Tests Aplicacion Service Service methods should find an element" name="Service Tests Aplicacion Service Service methods should find an element" time="0.037">
    </testcase>
    <testcase classname="Service Tests Aplicacion Service Service methods should create a Aplicacion" name="Service Tests Aplicacion Service Service methods should create a Aplicacion" time="0.018">
    </testcase>
    <testcase classname="Service Tests Aplicacion Service Service methods should update a Aplicacion" name="Service Tests Aplicacion Service Service methods should update a Aplicacion" time="0.014">
    </testcase>
    <testcase classname="Service Tests Aplicacion Service Service methods should return a list of Aplicacion" name="Service Tests Aplicacion Service Service methods should return a list of Aplicacion" time="0.016">
    </testcase>
    <testcase classname="Service Tests Aplicacion Service Service methods should delete a Aplicacion" name="Service Tests Aplicacion Service Service methods should delete a Aplicacion" time="0.016">
    </testcase>
  </testsuite>
  <testsuite name="Service Tests" errors="0" failures="0" skipped="0" timestamp="2019-09-25T19:55:07" time="0.889" tests="5">
    <testcase classname="Service Tests EstadoArticulo Service Service methods should find an element" name="Service Tests EstadoArticulo Service Service methods should find an element" time="0.022">
    </testcase>
    <testcase classname="Service Tests EstadoArticulo Service Service methods should create a EstadoArticulo" name="Service Tests EstadoArticulo Service Service methods should create a EstadoArticulo" time="0.016">
    </testcase>
    <testcase classname="Service Tests EstadoArticulo Service Service methods should update a EstadoArticulo" name="Service Tests EstadoArticulo Service Service methods should update a EstadoArticulo" time="0.022">
    </testcase>
    <testcase classname="Service Tests EstadoArticulo Service Service methods should return a list of EstadoArticulo" name="Service Tests EstadoArticulo Service Service methods should return a list of EstadoArticulo" time="0.013">
    </testcase>
    <testcase classname="Service Tests EstadoArticulo Service Service methods should delete a EstadoArticulo" name="Service Tests EstadoArticulo Service Service methods should delete a EstadoArticulo" time="0.014">
    </testcase>
  </testsuite>
  <testsuite name="Service Tests" errors="0" failures="0" skipped="0" timestamp="2019-09-25T19:55:08" time="0.923" tests="5">
    <testcase classname="Service Tests CategoriaPago Service Service methods should find an element" name="Service Tests CategoriaPago Service Service methods should find an element" time="0.023">
    </testcase>
    <testcase classname="Service Tests CategoriaPago Service Service methods should create a CategoriaPago" name="Service Tests CategoriaPago Service Service methods should create a CategoriaPago" time="0.014">
    </testcase>
    <testcase classname="Service Tests CategoriaPago Service Service methods should update a CategoriaPago" name="Service Tests CategoriaPago Service Service methods should update a CategoriaPago" time="0.021">
    </testcase>
    <testcase classname="Service Tests CategoriaPago Service Service methods should return a list of CategoriaPago" name="Service Tests CategoriaPago Service Service methods should return a list of CategoriaPago" time="0.012">
    </testcase>
    <testcase classname="Service Tests CategoriaPago Service Service methods should delete a CategoriaPago" name="Service Tests CategoriaPago Service Service methods should delete a CategoriaPago" time="0.009">
    </testcase>
  </testsuite>
  <testsuite name="Service Tests" errors="0" failures="0" skipped="0" timestamp="2019-09-25T19:55:08" time="0.856" tests="5">
    <testcase classname="Service Tests CobranzaRepuesto Service Service methods should find an element" name="Service Tests CobranzaRepuesto Service Service methods should find an element" time="0.021">
    </testcase>
    <testcase classname="Service Tests CobranzaRepuesto Service Service methods should create a CobranzaRepuesto" name="Service Tests CobranzaRepuesto Service Service methods should create a CobranzaRepuesto" time="0.016">
    </testcase>
    <testcase classname="Service Tests CobranzaRepuesto Service Service methods should update a CobranzaRepuesto" name="Service Tests CobranzaRepuesto Service Service methods should update a CobranzaRepuesto" time="0.011">
    </testcase>
    <testcase classname="Service Tests CobranzaRepuesto Service Service methods should return a list of CobranzaRepuesto" name="Service Tests CobranzaRepuesto Service Service methods should return a list of CobranzaRepuesto" time="0.013">
    </testcase>
    <testcase classname="Service Tests CobranzaRepuesto Service Service methods should delete a CobranzaRepuesto" name="Service Tests CobranzaRepuesto Service Service methods should delete a CobranzaRepuesto" time="0.013">
    </testcase>
  </testsuite>
  <testsuite name="Service Tests" errors="0" failures="0" skipped="0" timestamp="2019-09-25T19:55:09" time="0.817" tests="5">
    <testcase classname="Service Tests EstadoPersona Service Service methods should find an element" name="Service Tests EstadoPersona Service Service methods should find an element" time="0.018">
    </testcase>
    <testcase classname="Service Tests EstadoPersona Service Service methods should create a EstadoPersona" name="Service Tests EstadoPersona Service Service methods should create a EstadoPersona" time="0.013">
    </testcase>
    <testcase classname="Service Tests EstadoPersona Service Service methods should update a EstadoPersona" name="Service Tests EstadoPersona Service Service methods should update a EstadoPersona" time="0.012">
    </testcase>
    <testcase classname="Service Tests EstadoPersona Service Service methods should return a list of EstadoPersona" name="Service Tests EstadoPersona Service Service methods should return a list of EstadoPersona" time="0.013">
    </testcase>
    <testcase classname="Service Tests EstadoPersona Service Service methods should delete a EstadoPersona" name="Service Tests EstadoPersona Service Service methods should delete a EstadoPersona" time="0.011">
    </testcase>
  </testsuite>
  <testsuite name="Service Tests" errors="0" failures="0" skipped="0" timestamp="2019-09-25T19:55:09" time="0.804" tests="5">
    <testcase classname="Service Tests CostoOperacion Service Service methods should find an element" name="Service Tests CostoOperacion Service Service methods should find an element" time="0.02">
    </testcase>
    <testcase classname="Service Tests CostoOperacion Service Service methods should create a CostoOperacion" name="Service Tests CostoOperacion Service Service methods should create a CostoOperacion" time="0.016">
    </testcase>
    <testcase classname="Service Tests CostoOperacion Service Service methods should update a CostoOperacion" name="Service Tests CostoOperacion Service Service methods should update a CostoOperacion" time="0.015">
    </testcase>
    <testcase classname="Service Tests CostoOperacion Service Service methods should return a list of CostoOperacion" name="Service Tests CostoOperacion Service Service methods should return a list of CostoOperacion" time="0.021">
    </testcase>
    <testcase classname="Service Tests CostoOperacion Service Service methods should delete a CostoOperacion" name="Service Tests CostoOperacion Service Service methods should delete a CostoOperacion" time="0.012">
    </testcase>
  </testsuite>
  <testsuite name="Service Tests" errors="0" failures="0" skipped="0" timestamp="2019-09-25T19:55:10" time="0.82" tests="5">
    <testcase classname="Service Tests TipoRepuesto Service Service methods should find an element" name="Service Tests TipoRepuesto Service Service methods should find an element" time="0.017">
    </testcase>
    <testcase classname="Service Tests TipoRepuesto Service Service methods should create a TipoRepuesto" name="Service Tests TipoRepuesto Service Service methods should create a TipoRepuesto" time="0.014">
    </testcase>
    <testcase classname="Service Tests TipoRepuesto Service Service methods should update a TipoRepuesto" name="Service Tests TipoRepuesto Service Service methods should update a TipoRepuesto" time="0.021">
    </testcase>
    <testcase classname="Service Tests TipoRepuesto Service Service methods should return a list of TipoRepuesto" name="Service Tests TipoRepuesto Service Service methods should return a list of TipoRepuesto" time="0.01">
    </testcase>
    <testcase classname="Service Tests TipoRepuesto Service Service methods should delete a TipoRepuesto" name="Service Tests TipoRepuesto Service Service methods should delete a TipoRepuesto" time="0.01">
    </testcase>
  </testsuite>
  <testsuite name="Service Tests" errors="0" failures="0" skipped="0" timestamp="2019-09-25T19:55:10" time="0.835" tests="5">
    <testcase classname="Service Tests SubCategoria Service Service methods should find an element" name="Service Tests SubCategoria Service Service methods should find an element" time="0.039">
    </testcase>
    <testcase classname="Service Tests SubCategoria Service Service methods should create a SubCategoria" name="Service Tests SubCategoria Service Service methods should create a SubCategoria" time="0.019">
    </testcase>
    <testcase classname="Service Tests SubCategoria Service Service methods should update a SubCategoria" name="Service Tests SubCategoria Service Service methods should update a SubCategoria" time="0.017">
    </testcase>
    <testcase classname="Service Tests SubCategoria Service Service methods should return a list of SubCategoria" name="Service Tests SubCategoria Service Service methods should return a list of SubCategoria" time="0.016">
    </testcase>
    <testcase classname="Service Tests SubCategoria Service Service methods should delete a SubCategoria" name="Service Tests SubCategoria Service Service methods should delete a SubCategoria" time="0.02">
    </testcase>
  </testsuite>
  <testsuite name="Service Tests" errors="0" failures="0" skipped="0" timestamp="2019-09-25T19:55:10" time="0.887" tests="5">
    <testcase classname="Service Tests Empleado Service Service methods should find an element" name="Service Tests Empleado Service Service methods should find an element" time="0.018">
    </testcase>
    <testcase classname="Service Tests Empleado Service Service methods should create a Empleado" name="Service Tests Empleado Service Service methods should create a Empleado" time="0.012">
    </testcase>
    <testcase classname="Service Tests Empleado Service Service methods should update a Empleado" name="Service Tests Empleado Service Service methods should update a Empleado" time="0.012">
    </testcase>
    <testcase classname="Service Tests Empleado Service Service methods should return a list of Empleado" name="Service Tests Empleado Service Service methods should return a list of Empleado" time="0.013">
    </testcase>
    <testcase classname="Service Tests Empleado Service Service methods should delete a Empleado" name="Service Tests Empleado Service Service methods should delete a Empleado" time="0.013">
    </testcase>
  </testsuite>
  <testsuite name="Service Tests" errors="0" failures="0" skipped="0" timestamp="2019-09-25T19:55:11" time="0.833" tests="5">
    <testcase classname="Service Tests FormaDePago Service Service methods should find an element" name="Service Tests FormaDePago Service Service methods should find an element" time="0.024">
    </testcase>
    <testcase classname="Service Tests FormaDePago Service Service methods should create a FormaDePago" name="Service Tests FormaDePago Service Service methods should create a FormaDePago" time="0.017">
    </testcase>
    <testcase classname="Service Tests FormaDePago Service Service methods should update a FormaDePago" name="Service Tests FormaDePago Service Service methods should update a FormaDePago" time="0.011">
    </testcase>
    <testcase classname="Service Tests FormaDePago Service Service methods should return a list of FormaDePago" name="Service Tests FormaDePago Service Service methods should return a list of FormaDePago" time="0.011">
    </testcase>
    <testcase classname="Service Tests FormaDePago Service Service methods should delete a FormaDePago" name="Service Tests FormaDePago Service Service methods should delete a FormaDePago" time="0.023">
    </testcase>
  </testsuite>
  <testsuite name="Service Tests" errors="0" failures="0" skipped="0" timestamp="2019-09-25T19:55:11" time="0.866" tests="5">
    <testcase classname="Service Tests TipoTarjeta Service Service methods should find an element" name="Service Tests TipoTarjeta Service Service methods should find an element" time="0.027">
    </testcase>
    <testcase classname="Service Tests TipoTarjeta Service Service methods should create a TipoTarjeta" name="Service Tests TipoTarjeta Service Service methods should create a TipoTarjeta" time="0.015">
    </testcase>
    <testcase classname="Service Tests TipoTarjeta Service Service methods should update a TipoTarjeta" name="Service Tests TipoTarjeta Service Service methods should update a TipoTarjeta" time="0.009">
    </testcase>
    <testcase classname="Service Tests TipoTarjeta Service Service methods should return a list of TipoTarjeta" name="Service Tests TipoTarjeta Service Service methods should return a list of TipoTarjeta" time="0.019">
    </testcase>
    <testcase classname="Service Tests TipoTarjeta Service Service methods should delete a TipoTarjeta" name="Service Tests TipoTarjeta Service Service methods should delete a TipoTarjeta" time="0.013">
    </testcase>
  </testsuite>
  <testsuite name="Service Tests" errors="0" failures="0" skipped="0" timestamp="2019-09-25T19:55:12" time="0.689" tests="5">
    <testcase classname="Service Tests Persona Service Service methods should find an element" name="Service Tests Persona Service Service methods should find an element" time="0.024">
    </testcase>
    <testcase classname="Service Tests Persona Service Service methods should create a Persona" name="Service Tests Persona Service Service methods should create a Persona" time="0.019">
    </testcase>
    <testcase classname="Service Tests Persona Service Service methods should update a Persona" name="Service Tests Persona Service Service methods should update a Persona" time="0.012">
    </testcase>
    <testcase classname="Service Tests Persona Service Service methods should return a list of Persona" name="Service Tests Persona Service Service methods should return a list of Persona" time="0.011">
    </testcase>
    <testcase classname="Service Tests Persona Service Service methods should delete a Persona" name="Service Tests Persona Service Service methods should delete a Persona" time="0.016">
    </testcase>
  </testsuite>
  <testsuite name="Service Tests" errors="0" failures="0" skipped="0" timestamp="2019-09-25T19:55:12" time="0.948" tests="5">
    <testcase classname="Service Tests PagoTarjeta Service Service methods should find an element" name="Service Tests PagoTarjeta Service Service methods should find an element" time="0.017">
    </testcase>
    <testcase classname="Service Tests PagoTarjeta Service Service methods should create a PagoTarjeta" name="Service Tests PagoTarjeta Service Service methods should create a PagoTarjeta" time="0.013">
    </testcase>
    <testcase classname="Service Tests PagoTarjeta Service Service methods should update a PagoTarjeta" name="Service Tests PagoTarjeta Service Service methods should update a PagoTarjeta" time="0.017">
    </testcase>
    <testcase classname="Service Tests PagoTarjeta Service Service methods should return a list of PagoTarjeta" name="Service Tests PagoTarjeta Service Service methods should return a list of PagoTarjeta" time="0.012">
    </testcase>
    <testcase classname="Service Tests PagoTarjeta Service Service methods should delete a PagoTarjeta" name="Service Tests PagoTarjeta Service Service methods should delete a PagoTarjeta" time="0.009">
    </testcase>
  </testsuite>
  <testsuite name="Service Tests" errors="0" failures="0" skipped="0" timestamp="2019-09-25T19:55:12" time="0.904" tests="5">
    <testcase classname="Service Tests Direccion Service Service methods should find an element" name="Service Tests Direccion Service Service methods should find an element" time="0.019">
    </testcase>
    <testcase classname="Service Tests Direccion Service Service methods should create a Direccion" name="Service Tests Direccion Service Service methods should create a Direccion" time="0.025">
    </testcase>
    <testcase classname="Service Tests Direccion Service Service methods should update a Direccion" name="Service Tests Direccion Service Service methods should update a Direccion" time="0.011">
    </testcase>
    <testcase classname="Service Tests Direccion Service Service methods should return a list of Direccion" name="Service Tests Direccion Service Service methods should return a list of Direccion" time="0.012">
    </testcase>
    <testcase classname="Service Tests Direccion Service Service methods should delete a Direccion" name="Service Tests Direccion Service Service methods should delete a Direccion" time="0.015">
    </testcase>
  </testsuite>
  <testsuite name="Service Tests" errors="0" failures="0" skipped="0" timestamp="2019-09-25T19:55:13" time="0.904" tests="5">
    <testcase classname="Service Tests MovimientoPresupuesto Service Service methods should find an element" name="Service Tests MovimientoPresupuesto Service Service methods should find an element" time="0.015">
    </testcase>
    <testcase classname="Service Tests MovimientoPresupuesto Service Service methods should create a MovimientoPresupuesto" name="Service Tests MovimientoPresupuesto Service Service methods should create a MovimientoPresupuesto" time="0.011">
    </testcase>
    <testcase classname="Service Tests MovimientoPresupuesto Service Service methods should update a MovimientoPresupuesto" name="Service Tests MovimientoPresupuesto Service Service methods should update a MovimientoPresupuesto" time="0.013">
    </testcase>
    <testcase classname="Service Tests MovimientoPresupuesto Service Service methods should return a list of MovimientoPresupuesto" name="Service Tests MovimientoPresupuesto Service Service methods should return a list of MovimientoPresupuesto" time="0.015">
    </testcase>
    <testcase classname="Service Tests MovimientoPresupuesto Service Service methods should delete a MovimientoPresupuesto" name="Service Tests MovimientoPresupuesto Service Service methods should delete a MovimientoPresupuesto" time="0.024">
    </testcase>
  </testsuite>
  <testsuite name="Service Tests" errors="0" failures="0" skipped="0" timestamp="2019-09-25T19:55:13" time="0.88" tests="5">
    <testcase classname="Service Tests CostoRepuesto Service Service methods should find an element" name="Service Tests CostoRepuesto Service Service methods should find an element" time="0.018">
    </testcase>
    <testcase classname="Service Tests CostoRepuesto Service Service methods should create a CostoRepuesto" name="Service Tests CostoRepuesto Service Service methods should create a CostoRepuesto" time="0.019">
    </testcase>
    <testcase classname="Service Tests CostoRepuesto Service Service methods should update a CostoRepuesto" name="Service Tests CostoRepuesto Service Service methods should update a CostoRepuesto" time="0.011">
    </testcase>
    <testcase classname="Service Tests CostoRepuesto Service Service methods should return a list of CostoRepuesto" name="Service Tests CostoRepuesto Service Service methods should return a list of CostoRepuesto" time="0.014">
    </testcase>
    <testcase classname="Service Tests CostoRepuesto Service Service methods should delete a CostoRepuesto" name="Service Tests CostoRepuesto Service Service methods should delete a CostoRepuesto" time="0.014">
    </testcase>
  </testsuite>
  <testsuite name="Service Tests" errors="0" failures="0" skipped="0" timestamp="2019-09-25T19:55:14" time="0.837" tests="5">
    <testcase classname="Service Tests Cilindrada Service Service methods should find an element" name="Service Tests Cilindrada Service Service methods should find an element" time="0.023">
    </testcase>
    <testcase classname="Service Tests Cilindrada Service Service methods should create a Cilindrada" name="Service Tests Cilindrada Service Service methods should create a Cilindrada" time="0.015">
    </testcase>
    <testcase classname="Service Tests Cilindrada Service Service methods should update a Cilindrada" name="Service Tests Cilindrada Service Service methods should update a Cilindrada" time="0.014">
    </testcase>
    <testcase classname="Service Tests Cilindrada Service Service methods should return a list of Cilindrada" name="Service Tests Cilindrada Service Service methods should return a list of Cilindrada" time="0.013">
    </testcase>
    <testcase classname="Service Tests Cilindrada Service Service methods should delete a Cilindrada" name="Service Tests Cilindrada Service Service methods should delete a Cilindrada" time="0.014">
    </testcase>
  </testsuite>
  <testsuite name="Service Tests" errors="0" failures="0" skipped="0" timestamp="2019-09-25T19:55:14" time="0.87" tests="5">
    <testcase classname="Service Tests Operacion Service Service methods should find an element" name="Service Tests Operacion Service Service methods should find an element" time="0.02">
    </testcase>
    <testcase classname="Service Tests Operacion Service Service methods should create a Operacion" name="Service Tests Operacion Service Service methods should create a Operacion" time="0.018">
    </testcase>
    <testcase classname="Service Tests Operacion Service Service methods should update a Operacion" name="Service Tests Operacion Service Service methods should update a Operacion" time="0.03">
    </testcase>
    <testcase classname="Service Tests Operacion Service Service methods should return a list of Operacion" name="Service Tests Operacion Service Service methods should return a list of Operacion" time="0.017">
    </testcase>
    <testcase classname="Service Tests Operacion Service Service methods should delete a Operacion" name="Service Tests Operacion Service Service methods should delete a Operacion" time="0.017">
    </testcase>
  </testsuite>
  <testsuite name="Service Tests" errors="0" failures="0" skipped="0" timestamp="2019-09-25T19:55:15" time="0.919" tests="5">
    <testcase classname="Service Tests Localidad Service Service methods should find an element" name="Service Tests Localidad Service Service methods should find an element" time="0.016">
    </testcase>
    <testcase classname="Service Tests Localidad Service Service methods should create a Localidad" name="Service Tests Localidad Service Service methods should create a Localidad" time="0.015">
    </testcase>
    <testcase classname="Service Tests Localidad Service Service methods should update a Localidad" name="Service Tests Localidad Service Service methods should update a Localidad" time="0.011">
    </testcase>
    <testcase classname="Service Tests Localidad Service Service methods should return a list of Localidad" name="Service Tests Localidad Service Service methods should return a list of Localidad" time="0.012">
    </testcase>
    <testcase classname="Service Tests Localidad Service Service methods should delete a Localidad" name="Service Tests Localidad Service Service methods should delete a Localidad" time="0.022">
    </testcase>
  </testsuite>
  <testsuite name="Service Tests" errors="0" failures="0" skipped="0" timestamp="2019-09-25T19:55:15" time="0.946" tests="5">
    <testcase classname="Service Tests Sucursal Service Service methods should find an element" name="Service Tests Sucursal Service Service methods should find an element" time="0.026">
    </testcase>
    <testcase classname="Service Tests Sucursal Service Service methods should create a Sucursal" name="Service Tests Sucursal Service Service methods should create a Sucursal" time="0.02">
    </testcase>
    <testcase classname="Service Tests Sucursal Service Service methods should update a Sucursal" name="Service Tests Sucursal Service Service methods should update a Sucursal" time="0.016">
    </testcase>
    <testcase classname="Service Tests Sucursal Service Service methods should return a list of Sucursal" name="Service Tests Sucursal Service Service methods should return a list of Sucursal" time="0.014">
    </testcase>
    <testcase classname="Service Tests Sucursal Service Service methods should delete a Sucursal" name="Service Tests Sucursal Service Service methods should delete a Sucursal" time="0.016">
    </testcase>
  </testsuite>
  <testsuite name="Service Tests" errors="0" failures="0" skipped="0" timestamp="2019-09-25T19:55:16" time="0.982" tests="5">
    <testcase classname="Service Tests Tarjeta Service Service methods should find an element" name="Service Tests Tarjeta Service Service methods should find an element" time="0.019">
    </testcase>
    <testcase classname="Service Tests Tarjeta Service Service methods should create a Tarjeta" name="Service Tests Tarjeta Service Service methods should create a Tarjeta" time="0.023">
    </testcase>
    <testcase classname="Service Tests Tarjeta Service Service methods should update a Tarjeta" name="Service Tests Tarjeta Service Service methods should update a Tarjeta" time="0.013">
    </testcase>
    <testcase classname="Service Tests Tarjeta Service Service methods should return a list of Tarjeta" name="Service Tests Tarjeta Service Service methods should return a list of Tarjeta" time="0.017">
    </testcase>
    <testcase classname="Service Tests Tarjeta Service Service methods should delete a Tarjeta" name="Service Tests Tarjeta Service Service methods should delete a Tarjeta" time="0.012">
    </testcase>
  </testsuite>
  <testsuite name="Service Tests" errors="0" failures="0" skipped="0" timestamp="2019-09-25T19:55:16" time="0.964" tests="5">
    <testcase classname="Service Tests Cliente Service Service methods should find an element" name="Service Tests Cliente Service Service methods should find an element" time="0.023">
    </testcase>
    <testcase classname="Service Tests Cliente Service Service methods should create a Cliente" name="Service Tests Cliente Service Service methods should create a Cliente" time="0.018">
    </testcase>
    <testcase classname="Service Tests Cliente Service Service methods should update a Cliente" name="Service Tests Cliente Service Service methods should update a Cliente" time="0.018">
    </testcase>
    <testcase classname="Service Tests Cliente Service Service methods should return a list of Cliente" name="Service Tests Cliente Service Service methods should return a list of Cliente" time="0.031">
    </testcase>
    <testcase classname="Service Tests Cliente Service Service methods should delete a Cliente" name="Service Tests Cliente Service Service methods should delete a Cliente" time="0.011">
    </testcase>
  </testsuite>
  <testsuite name="Service Tests" errors="0" failures="0" skipped="0" timestamp="2019-09-25T19:55:17" time="1.008" tests="5">
    <testcase classname="Service Tests MovimientoPedido Service Service methods should find an element" name="Service Tests MovimientoPedido Service Service methods should find an element" time="0.018">
    </testcase>
    <testcase classname="Service Tests MovimientoPedido Service Service methods should create a MovimientoPedido" name="Service Tests MovimientoPedido Service Service methods should create a MovimientoPedido" time="0.015">
    </testcase>
    <testcase classname="Service Tests MovimientoPedido Service Service methods should update a MovimientoPedido" name="Service Tests MovimientoPedido Service Service methods should update a MovimientoPedido" time="0.013">
    </testcase>
    <testcase classname="Service Tests MovimientoPedido Service Service methods should return a list of MovimientoPedido" name="Service Tests MovimientoPedido Service Service methods should return a list of MovimientoPedido" time="0.01">
    </testcase>
    <testcase classname="Service Tests MovimientoPedido Service Service methods should delete a MovimientoPedido" name="Service Tests MovimientoPedido Service Service methods should delete a MovimientoPedido" time="0.014">
    </testcase>
  </testsuite>
  <testsuite name="Service Tests" errors="0" failures="0" skipped="0" timestamp="2019-09-25T19:55:17" time="1.31" tests="5">
    <testcase classname="Service Tests Rubro Service Service methods should find an element" name="Service Tests Rubro Service Service methods should find an element" time="0.018">
    </testcase>
    <testcase classname="Service Tests Rubro Service Service methods should create a Rubro" name="Service Tests Rubro Service Service methods should create a Rubro" time="0.016">
    </testcase>
    <testcase classname="Service Tests Rubro Service Service methods should update a Rubro" name="Service Tests Rubro Service Service methods should update a Rubro" time="0.015">
    </testcase>
    <testcase classname="Service Tests Rubro Service Service methods should return a list of Rubro" name="Service Tests Rubro Service Service methods should return a list of Rubro" time="0.019">
    </testcase>
    <testcase classname="Service Tests Rubro Service Service methods should delete a Rubro" name="Service Tests Rubro Service Service methods should delete a Rubro" time="0.025">
    </testcase>
  </testsuite>
  <testsuite name="Service Tests" errors="0" failures="0" skipped="0" timestamp="2019-09-25T19:55:18" time="0.939" tests="5">
    <testcase classname="Service Tests Banco Service Service methods should find an element" name="Service Tests Banco Service Service methods should find an element" time="0.022">
    </testcase>
    <testcase classname="Service Tests Banco Service Service methods should create a Banco" name="Service Tests Banco Service Service methods should create a Banco" time="0.015">
    </testcase>
    <testcase classname="Service Tests Banco Service Service methods should update a Banco" name="Service Tests Banco Service Service methods should update a Banco" time="0.028">
    </testcase>
    <testcase classname="Service Tests Banco Service Service methods should return a list of Banco" name="Service Tests Banco Service Service methods should return a list of Banco" time="0.016">
    </testcase>
    <testcase classname="Service Tests Banco Service Service methods should delete a Banco" name="Service Tests Banco Service Service methods should delete a Banco" time="0.018">
    </testcase>
  </testsuite>
  <testsuite name="Service Tests" errors="0" failures="0" skipped="0" timestamp="2019-09-25T19:55:18" time="0.972" tests="5">
    <testcase classname="Service Tests Marca Service Service methods should find an element" name="Service Tests Marca Service Service methods should find an element" time="0.023">
    </testcase>
    <testcase classname="Service Tests Marca Service Service methods should create a Marca" name="Service Tests Marca Service Service methods should create a Marca" time="0.01">
    </testcase>
    <testcase classname="Service Tests Marca Service Service methods should update a Marca" name="Service Tests Marca Service Service methods should update a Marca" time="0.01">
    </testcase>
    <testcase classname="Service Tests Marca Service Service methods should return a list of Marca" name="Service Tests Marca Service Service methods should return a list of Marca" time="0.012">
    </testcase>
    <testcase classname="Service Tests Marca Service Service methods should delete a Marca" name="Service Tests Marca Service Service methods should delete a Marca" time="0.013">
    </testcase>
  </testsuite>
  <testsuite name="Service Tests" errors="0" failures="0" skipped="0" timestamp="2019-09-25T19:55:19" time="0.897" tests="5">
    <testcase classname="Service Tests Motor Service Service methods should find an element" name="Service Tests Motor Service Service methods should find an element" time="0.024">
    </testcase>
    <testcase classname="Service Tests Motor Service Service methods should create a Motor" name="Service Tests Motor Service Service methods should create a Motor" time="0.023">
    </testcase>
    <testcase classname="Service Tests Motor Service Service methods should update a Motor" name="Service Tests Motor Service Service methods should update a Motor" time="0.016">
    </testcase>
    <testcase classname="Service Tests Motor Service Service methods should return a list of Motor" name="Service Tests Motor Service Service methods should return a list of Motor" time="0.019">
    </testcase>
    <testcase classname="Service Tests Motor Service Service methods should delete a Motor" name="Service Tests Motor Service Service methods should delete a Motor" time="0.018">
    </testcase>
  </testsuite>
  <testsuite name="Service Tests" errors="0" failures="0" skipped="0" timestamp="2019-09-25T19:55:19" time="1.051" tests="5">
    <testcase classname="Service Tests DetallePedido Service Service methods should find an element" name="Service Tests DetallePedido Service Service methods should find an element" time="0.02">
    </testcase>
    <testcase classname="Service Tests DetallePedido Service Service methods should create a DetallePedido" name="Service Tests DetallePedido Service Service methods should create a DetallePedido" time="0.014">
    </testcase>
    <testcase classname="Service Tests DetallePedido Service Service methods should update a DetallePedido" name="Service Tests DetallePedido Service Service methods should update a DetallePedido" time="0.016">
    </testcase>
    <testcase classname="Service Tests DetallePedido Service Service methods should return a list of DetallePedido" name="Service Tests DetallePedido Service Service methods should return a list of DetallePedido" time="0.013">
    </testcase>
    <testcase classname="Service Tests DetallePedido Service Service methods should delete a DetallePedido" name="Service Tests DetallePedido Service Service methods should delete a DetallePedido" time="0.025">
    </testcase>
  </testsuite>
  <testsuite name="Service Tests" errors="0" failures="0" skipped="0" timestamp="2019-09-25T19:55:20" time="1.33" tests="5">
    <testcase classname="Service Tests PagoEfectivo Service Service methods should find an element" name="Service Tests PagoEfectivo Service Service methods should find an element" time="0.026">
    </testcase>
    <testcase classname="Service Tests PagoEfectivo Service Service methods should create a PagoEfectivo" name="Service Tests PagoEfectivo Service Service methods should create a PagoEfectivo" time="0.017">
    </testcase>
    <testcase classname="Service Tests PagoEfectivo Service Service methods should update a PagoEfectivo" name="Service Tests PagoEfectivo Service Service methods should update a PagoEfectivo" time="0.019">
    </testcase>
    <testcase classname="Service Tests PagoEfectivo Service Service methods should return a list of PagoEfectivo" name="Service Tests PagoEfectivo Service Service methods should return a list of PagoEfectivo" time="0.016">
    </testcase>
    <testcase classname="Service Tests PagoEfectivo Service Service methods should delete a PagoEfectivo" name="Service Tests PagoEfectivo Service Service methods should delete a PagoEfectivo" time="0.016">
    </testcase>
  </testsuite>
  <testsuite name="Service Tests" errors="0" failures="0" skipped="0" timestamp="2019-09-25T19:55:20" time="0.955" tests="5">
    <testcase classname="Service Tests MedioDePago Service Service methods should find an element" name="Service Tests MedioDePago Service Service methods should find an element" time="0.03">
    </testcase>
    <testcase classname="Service Tests MedioDePago Service Service methods should create a MedioDePago" name="Service Tests MedioDePago Service Service methods should create a MedioDePago" time="0.018">
    </testcase>
    <testcase classname="Service Tests MedioDePago Service Service methods should update a MedioDePago" name="Service Tests MedioDePago Service Service methods should update a MedioDePago" time="0.015">
    </testcase>
    <testcase classname="Service Tests MedioDePago Service Service methods should return a list of MedioDePago" name="Service Tests MedioDePago Service Service methods should return a list of MedioDePago" time="0.016">
    </testcase>
    <testcase classname="Service Tests MedioDePago Service Service methods should delete a MedioDePago" name="Service Tests MedioDePago Service Service methods should delete a MedioDePago" time="0.021">
    </testcase>
  </testsuite>
  <testsuite name="Service Tests" errors="0" failures="0" skipped="0" timestamp="2019-09-25T19:55:21" time="0.755" tests="5">
    <testcase classname="Service Tests Proveedor Service Service methods should find an element" name="Service Tests Proveedor Service Service methods should find an element" time="0.021">
    </testcase>
    <testcase classname="Service Tests Proveedor Service Service methods should create a Proveedor" name="Service Tests Proveedor Service Service methods should create a Proveedor" time="0.015">
    </testcase>
    <testcase classname="Service Tests Proveedor Service Service methods should update a Proveedor" name="Service Tests Proveedor Service Service methods should update a Proveedor" time="0.012">
    </testcase>
    <testcase classname="Service Tests Proveedor Service Service methods should return a list of Proveedor" name="Service Tests Proveedor Service Service methods should return a list of Proveedor" time="0.012">
    </testcase>
    <testcase classname="Service Tests Proveedor Service Service methods should delete a Proveedor" name="Service Tests Proveedor Service Service methods should delete a Proveedor" time="0.014">
    </testcase>
  </testsuite>
  <testsuite name="Service Tests" errors="0" failures="0" skipped="0" timestamp="2019-09-25T19:55:21" time="0.855" tests="8">
    <testcase classname="Service Tests Account Service Service methods should call /account if user is undefined" name="Service Tests Account Service Service methods should call /account if user is undefined" time="0.025">
    </testcase>
    <testcase classname="Service Tests Account Service Service methods should call /account only once" name="Service Tests Account Service Service methods should call /account only once" time="0.02">
    </testcase>
    <testcase classname="Service Tests Account Service Service methods hasAuthority should return false if user is not logged" name="Service Tests Account Service Service methods hasAuthority should return false if user is not logged" time="0.019">
    </testcase>
    <testcase classname="Service Tests Account Service Service methods hasAuthority should return false if user is logged and has not authority" name="Service Tests Account Service Service methods hasAuthority should return false if user is logged and has not authority" time="0.014">
    </testcase>
    <testcase classname="Service Tests Account Service Service methods hasAuthority should return true if user is logged and has authority" name="Service Tests Account Service Service methods hasAuthority should return true if user is logged and has authority" time="0.014">
    </testcase>
    <testcase classname="Service Tests Account Service Service methods hasAnyAuthority should return false if user is not logged" name="Service Tests Account Service Service methods hasAnyAuthority should return false if user is not logged" time="0.015">
    </testcase>
    <testcase classname="Service Tests Account Service Service methods hasAnyAuthority should return false if user is logged and has not authority" name="Service Tests Account Service Service methods hasAnyAuthority should return false if user is logged and has not authority" time="0.012">
    </testcase>
    <testcase classname="Service Tests Account Service Service methods hasAnyAuthority should return true if user is logged and has authority" name="Service Tests Account Service Service methods hasAnyAuthority should return true if user is logged and has authority" time="0.026">
    </testcase>
  </testsuite>
  <testsuite name="Component Tests" errors="0" failures="0" skipped="0" timestamp="2019-09-25T19:55:22" time="1.322" tests="3">
    <testcase classname="Component Tests User Management Update Component OnInit Should load authorities and language on init" name="Component Tests User Management Update Component OnInit Should load authorities and language on init" time="0.045">
    </testcase>
    <testcase classname="Component Tests User Management Update Component save Should call update service on save for existing user" name="Component Tests User Management Update Component save Should call update service on save for existing user" time="0.033">
    </testcase>
    <testcase classname="Component Tests User Management Update Component save Should call create service on save for new user" name="Component Tests User Management Update Component save Should call create service on save for new user" time="0.024">
    </testcase>
  </testsuite>
  <testsuite name="Component Tests" errors="0" failures="0" skipped="0" timestamp="2019-09-25T19:55:22" time="1.188" tests="4">
    <testcase classname="Component Tests PasswordComponent should show error if passwords do not match" name="Component Tests PasswordComponent should show error if passwords do not match" time="0.04">
    </testcase>
    <testcase classname="Component Tests PasswordComponent should call Auth.changePassword when passwords match" name="Component Tests PasswordComponent should call Auth.changePassword when passwords match" time="0.035">
    </testcase>
    <testcase classname="Component Tests PasswordComponent should set success to OK upon success" name="Component Tests PasswordComponent should set success to OK upon success" time="0.024">
    </testcase>
    <testcase classname="Component Tests PasswordComponent should notify of error if change password fails" name="Component Tests PasswordComponent should notify of error if change password fails" time="0.044">
    </testcase>
  </testsuite>
  <testsuite name="Component Tests" errors="0" failures="0" skipped="0" timestamp="2019-09-25T19:55:23" time="1.268" tests="3">
    <testcase classname="Component Tests LogsComponent OnInit should set all default values correctly" name="Component Tests LogsComponent OnInit should set all default values correctly" time="0.037">
    </testcase>
    <testcase classname="Component Tests LogsComponent OnInit Should call load all on init" name="Component Tests LogsComponent OnInit Should call load all on init" time="0.029">
    </testcase>
    <testcase classname="Component Tests LogsComponent change log level should change log level correctly" name="Component Tests LogsComponent change log level should change log level correctly" time="0.026">
    </testcase>
  </testsuite>
  <testsuite name="Component Tests" errors="0" failures="0" skipped="0" timestamp="2019-09-25T19:55:23" time="1.288" tests="2">
    <testcase classname="Component Tests User Management Component OnInit Should call load all on init" name="Component Tests User Management Component OnInit Should call load all on init" time="0.061">
    </testcase>
    <testcase classname="Component Tests User Management Component setActive Should update user and call load all" name="Component Tests User Management Component setActive Should update user and call load all" time="0.035">
    </testcase>
  </testsuite>
  <testsuite name="Component Tests" errors="0" failures="0" skipped="0" timestamp="2019-09-25T19:55:24" time="1.135" tests="2">
    <testcase classname="Component Tests ListaPrecioRectificacionCRAM Management Update Component save Should call update service on save for existing entity" name="Component Tests ListaPrecioRectificacionCRAM Management Update Component save Should call update service on save for existing entity" time="0.066">
    </testcase>
    <testcase classname="Component Tests ListaPrecioRectificacionCRAM Management Update Component save Should call create service on save for new entity" name="Component Tests ListaPrecioRectificacionCRAM Management Update Component save Should call create service on save for new entity" time="0.042">
    </testcase>
  </testsuite>
  <testsuite name="Component Tests" errors="0" failures="0" skipped="0" timestamp="2019-09-25T19:55:25" time="1.071" tests="2">
    <testcase classname="Component Tests EstadoCobranzaOperacion Management Update Component save Should call update service on save for existing entity" name="Component Tests EstadoCobranzaOperacion Management Update Component save Should call update service on save for existing entity" time="0.071">
    </testcase>
    <testcase classname="Component Tests EstadoCobranzaOperacion Management Update Component save Should call create service on save for new entity" name="Component Tests EstadoCobranzaOperacion Management Update Component save Should call create service on save for new entity" time="0.039">
    </testcase>
  </testsuite>
  <testsuite name="Component Tests" errors="0" failures="0" skipped="0" timestamp="2019-09-25T19:55:26" time="1.062" tests="2">
    <testcase classname="Component Tests ListaPrecioDesdeHasta Management Update Component save Should call update service on save for existing entity" name="Component Tests ListaPrecioDesdeHasta Management Update Component save Should call update service on save for existing entity" time="0.053">
    </testcase>
    <testcase classname="Component Tests ListaPrecioDesdeHasta Management Update Component save Should call create service on save for new entity" name="Component Tests ListaPrecioDesdeHasta Management Update Component save Should call create service on save for new entity" time="0.069">
    </testcase>
  </testsuite>
  <testsuite name="Component Tests" errors="0" failures="0" skipped="0" timestamp="2019-09-25T19:55:26" time="1.05" tests="2">
    <testcase classname="Component Tests TipoDetalleMovimiento Management Update Component save Should call update service on save for existing entity" name="Component Tests TipoDetalleMovimiento Management Update Component save Should call update service on save for existing entity" time="0.059">
    </testcase>
    <testcase classname="Component Tests TipoDetalleMovimiento Management Update Component save Should call create service on save for new entity" name="Component Tests TipoDetalleMovimiento Management Update Component save Should call create service on save for new entity" time="0.045">
    </testcase>
  </testsuite>
  <testsuite name="Component Tests" errors="0" failures="0" skipped="0" timestamp="2019-09-25T19:55:27" time="1.105" tests="2">
    <testcase classname="Component Tests MovimientoPresupuesto Management Update Component save Should call update service on save for existing entity" name="Component Tests MovimientoPresupuesto Management Update Component save Should call update service on save for existing entity" time="0.061">
    </testcase>
    <testcase classname="Component Tests MovimientoPresupuesto Management Update Component save Should call create service on save for new entity" name="Component Tests MovimientoPresupuesto Management Update Component save Should call create service on save for new entity" time="0.045">
    </testcase>
  </testsuite>
  <testsuite name="Component Tests" errors="0" failures="0" skipped="0" timestamp="2019-09-25T19:55:27" time="1.063" tests="2">
    <testcase classname="Component Tests EstadoPedidoRepuesto Management Update Component save Should call update service on save for existing entity" name="Component Tests EstadoPedidoRepuesto Management Update Component save Should call update service on save for existing entity" time="0.07">
    </testcase>
    <testcase classname="Component Tests EstadoPedidoRepuesto Management Update Component save Should call create service on save for new entity" name="Component Tests EstadoPedidoRepuesto Management Update Component save Should call create service on save for new entity" time="0.039">
    </testcase>
  </testsuite>
  <testsuite name="Component Tests" errors="0" failures="0" skipped="0" timestamp="2019-09-25T19:55:28" time="1.005" tests="2">
    <testcase classname="Component Tests EstadoCostoRepuesto Management Update Component save Should call update service on save for existing entity" name="Component Tests EstadoCostoRepuesto Management Update Component save Should call update service on save for existing entity" time="0.054">
    </testcase>
    <testcase classname="Component Tests EstadoCostoRepuesto Management Update Component save Should call create service on save for new entity" name="Component Tests EstadoCostoRepuesto Management Update Component save Should call create service on save for new entity" time="0.051">
    </testcase>
  </testsuite>
  <testsuite name="Component Tests" errors="0" failures="0" skipped="0" timestamp="2019-09-25T19:55:28" time="1.133" tests="2">
    <testcase classname="Component Tests EstadoDetallePedido Management Update Component save Should call update service on save for existing entity" name="Component Tests EstadoDetallePedido Management Update Component save Should call update service on save for existing entity" time="0.063">
    </testcase>
    <testcase classname="Component Tests EstadoDetallePedido Management Update Component save Should call create service on save for new entity" name="Component Tests EstadoDetallePedido Management Update Component save Should call create service on save for new entity" time="0.049">
    </testcase>
  </testsuite>
  <testsuite name="Component Tests" errors="0" failures="0" skipped="0" timestamp="2019-09-25T19:55:29" time="1.076" tests="2">
    <testcase classname="Component Tests MedioDePagoTarjeta Management Update Component save Should call update service on save for existing entity" name="Component Tests MedioDePagoTarjeta Management Update Component save Should call update service on save for existing entity" time="0.072">
    </testcase>
    <testcase classname="Component Tests MedioDePagoTarjeta Management Update Component save Should call create service on save for new entity" name="Component Tests MedioDePagoTarjeta Management Update Component save Should call create service on save for new entity" time="0.038">
    </testcase>
  </testsuite>
  <testsuite name="Component Tests" errors="0" failures="0" skipped="0" timestamp="2019-09-25T19:55:29" time="1.058" tests="3">
    <testcase classname="Component Tests SettingsComponent should send the current identity upon save" name="Component Tests SettingsComponent should send the current identity upon save" time="0.05">
    </testcase>
    <testcase classname="Component Tests SettingsComponent should notify of success upon successful save" name="Component Tests SettingsComponent should notify of success upon successful save" time="0.032">
    </testcase>
    <testcase classname="Component Tests SettingsComponent should notify of error upon failed save" name="Component Tests SettingsComponent should notify of error upon failed save" time="0.029">
    </testcase>
  </testsuite>
  <testsuite name="Component Tests" errors="0" failures="0" skipped="0" timestamp="2019-09-25T19:55:30" time="1.12" tests="2">
    <testcase classname="Component Tests MovimientoArticulo Management Update Component save Should call update service on save for existing entity" name="Component Tests MovimientoArticulo Management Update Component save Should call update service on save for existing entity" time="0.063">
    </testcase>
    <testcase classname="Component Tests MovimientoArticulo Management Update Component save Should call create service on save for new entity" name="Component Tests MovimientoArticulo Management Update Component save Should call create service on save for new entity" time="0.059">
    </testcase>
  </testsuite>
  <testsuite name="Component Tests" errors="0" failures="0" skipped="0" timestamp="2019-09-25T19:55:30" time="1.431" tests="2">
    <testcase classname="Component Tests DetallePresupuesto Management Update Component save Should call update service on save for existing entity" name="Component Tests DetallePresupuesto Management Update Component save Should call update service on save for existing entity" time="0.074">
    </testcase>
    <testcase classname="Component Tests DetallePresupuesto Management Update Component save Should call create service on save for new entity" name="Component Tests DetallePresupuesto Management Update Component save Should call create service on save for new entity" time="0.045">
    </testcase>
  </testsuite>
  <testsuite name="Component Tests" errors="0" failures="0" skipped="0" timestamp="2019-09-25T19:55:31" time="1.134" tests="2">
    <testcase classname="Component Tests MedioDePagoCheque Management Update Component save Should call update service on save for existing entity" name="Component Tests MedioDePagoCheque Management Update Component save Should call update service on save for existing entity" time="0.089">
    </testcase>
    <testcase classname="Component Tests MedioDePagoCheque Management Update Component save Should call create service on save for new entity" name="Component Tests MedioDePagoCheque Management Update Component save Should call create service on save for new entity" time="0.038">
    </testcase>
  </testsuite>
  <testsuite name="Component Tests" errors="0" failures="0" skipped="0" timestamp="2019-09-25T19:55:32" time="1.196" tests="2">
    <testcase classname="Component Tests DocumentationType Management Update Component save Should call update service on save for existing entity" name="Component Tests DocumentationType Management Update Component save Should call update service on save for existing entity" time="0.057">
    </testcase>
    <testcase classname="Component Tests DocumentationType Management Update Component save Should call create service on save for new entity" name="Component Tests DocumentationType Management Update Component save Should call create service on save for new entity" time="0.04">
    </testcase>
  </testsuite>
  <testsuite name="Component Tests" errors="0" failures="0" skipped="0" timestamp="2019-09-25T19:55:32" time="1.375" tests="2">
    <testcase classname="Component Tests DetalleMovimiento Management Update Component save Should call update service on save for existing entity" name="Component Tests DetalleMovimiento Management Update Component save Should call update service on save for existing entity" time="0.101">
    </testcase>
    <testcase classname="Component Tests DetalleMovimiento Management Update Component save Should call create service on save for new entity" name="Component Tests DetalleMovimiento Management Update Component save Should call create service on save for new entity" time="0.058">
    </testcase>
  </testsuite>
  <testsuite name="Component Tests" errors="0" failures="0" skipped="0" timestamp="2019-09-25T19:55:33" time="1.225" tests="2">
    <testcase classname="Component Tests EstadoPresupuesto Management Update Component save Should call update service on save for existing entity" name="Component Tests EstadoPresupuesto Management Update Component save Should call update service on save for existing entity" time="0.057">
    </testcase>
    <testcase classname="Component Tests EstadoPresupuesto Management Update Component save Should call create service on save for new entity" name="Component Tests EstadoPresupuesto Management Update Component save Should call create service on save for new entity" time="0.041">
    </testcase>
  </testsuite>
  <testsuite name="Component Tests" errors="0" failures="0" skipped="0" timestamp="2019-09-25T19:55:34" time="1.476" tests="2">
    <testcase classname="Component Tests CobranzaOperacion Management Update Component save Should call update service on save for existing entity" name="Component Tests CobranzaOperacion Management Update Component save Should call update service on save for existing entity" time="0.112">
    </testcase>
    <testcase classname="Component Tests CobranzaOperacion Management Update Component save Should call create service on save for new entity" name="Component Tests CobranzaOperacion Management Update Component save Should call create service on save for new entity" time="0.074">
    </testcase>
  </testsuite>
  <testsuite name="Component Tests" errors="0" failures="0" skipped="0" timestamp="2019-09-25T19:55:34" time="1.292" tests="3">
    <testcase classname="Component Tests JhiConfigurationComponent OnInit should set all default values correctly" name="Component Tests JhiConfigurationComponent OnInit should set all default values correctly" time="0.047">
    </testcase>
    <testcase classname="Component Tests JhiConfigurationComponent OnInit Should call load all on init" name="Component Tests JhiConfigurationComponent OnInit Should call load all on init" time="0.029">
    </testcase>
    <testcase classname="Component Tests JhiConfigurationComponent keys method should return the keys of an Object" name="Component Tests JhiConfigurationComponent keys method should return the keys of an Object" time="0.02">
    </testcase>
  </testsuite>
  <testsuite name="Component Tests" errors="0" failures="0" skipped="0" timestamp="2019-09-25T19:55:35" time="1.012" tests="2">
    <testcase classname="Component Tests EstadoMovimiento Management Update Component save Should call update service on save for existing entity" name="Component Tests EstadoMovimiento Management Update Component save Should call update service on save for existing entity" time="0.046">
    </testcase>
    <testcase classname="Component Tests EstadoMovimiento Management Update Component save Should call create service on save for new entity" name="Component Tests EstadoMovimiento Management Update Component save Should call create service on save for new entity" time="0.056">
    </testcase>
  </testsuite>
  <testsuite name="Component Tests" errors="0" failures="0" skipped="0" timestamp="2019-09-25T19:55:35" time="1.234" tests="2">
    <testcase classname="Component Tests CobranzaRepuesto Management Update Component save Should call update service on save for existing entity" name="Component Tests CobranzaRepuesto Management Update Component save Should call update service on save for existing entity" time="0.056">
    </testcase>
    <testcase classname="Component Tests CobranzaRepuesto Management Update Component save Should call create service on save for new entity" name="Component Tests CobranzaRepuesto Management Update Component save Should call create service on save for new entity" time="0.041">
    </testcase>
  </testsuite>
  <testsuite name="Component Tests" errors="0" failures="0" skipped="0" timestamp="2019-09-25T19:55:37" time="1.004" tests="2">
    <testcase classname="Component Tests EstadoOperacion Management Update Component save Should call update service on save for existing entity" name="Component Tests EstadoOperacion Management Update Component save Should call update service on save for existing entity" time="0.052">
    </testcase>
    <testcase classname="Component Tests EstadoOperacion Management Update Component save Should call create service on save for new entity" name="Component Tests EstadoOperacion Management Update Component save Should call create service on save for new entity" time="0.05">
    </testcase>
  </testsuite>
  <testsuite name="Component Tests" errors="0" failures="0" skipped="0" timestamp="2019-09-25T19:55:36" time="1.163" tests="2">
    <testcase classname="Component Tests MovimientoPedido Management Update Component save Should call update service on save for existing entity" name="Component Tests MovimientoPedido Management Update Component save Should call update service on save for existing entity" time="0.051">
    </testcase>
    <testcase classname="Component Tests MovimientoPedido Management Update Component save Should call create service on save for new entity" name="Component Tests MovimientoPedido Management Update Component save Should call create service on save for new entity" time="0.041">
    </testcase>
  </testsuite>
  <testsuite name="Component Tests" errors="0" failures="0" skipped="0" timestamp="2019-09-25T19:55:38" time="1.122" tests="2">
    <testcase classname="Component Tests HistorialPrecio Management Update Component save Should call update service on save for existing entity" name="Component Tests HistorialPrecio Management Update Component save Should call update service on save for existing entity" time="0.058">
    </testcase>
    <testcase classname="Component Tests HistorialPrecio Management Update Component save Should call create service on save for new entity" name="Component Tests HistorialPrecio Management Update Component save Should call create service on save for new entity" time="0.046">
    </testcase>
  </testsuite>
  <testsuite name="Component Tests" errors="0" failures="0" skipped="0" timestamp="2019-09-25T19:55:38" time="1.067" tests="2">
    <testcase classname="Component Tests TipoParteMotor Management Update Component save Should call update service on save for existing entity" name="Component Tests TipoParteMotor Management Update Component save Should call update service on save for existing entity" time="0.052">
    </testcase>
    <testcase classname="Component Tests TipoParteMotor Management Update Component save Should call create service on save for new entity" name="Component Tests TipoParteMotor Management Update Component save Should call create service on save for new entity" time="0.056">
    </testcase>
  </testsuite>
  <testsuite name="Component Tests" errors="0" failures="0" skipped="0" timestamp="2019-09-25T19:55:39" time="1.101" tests="2">
    <testcase classname="Component Tests CostoOperacion Management Update Component save Should call update service on save for existing entity" name="Component Tests CostoOperacion Management Update Component save Should call update service on save for existing entity" time="0.053">
    </testcase>
    <testcase classname="Component Tests CostoOperacion Management Update Component save Should call create service on save for new entity" name="Component Tests CostoOperacion Management Update Component save Should call create service on save for new entity" time="0.056">
    </testcase>
  </testsuite>
  <testsuite name="Component Tests" errors="0" failures="0" skipped="0" timestamp="2019-09-25T19:55:39" time="1.133" tests="2">
    <testcase classname="Component Tests PedidoRepuesto Management Update Component save Should call update service on save for existing entity" name="Component Tests PedidoRepuesto Management Update Component save Should call update service on save for existing entity" time="0.06">
    </testcase>
    <testcase classname="Component Tests PedidoRepuesto Management Update Component save Should call create service on save for new entity" name="Component Tests PedidoRepuesto Management Update Component save Should call create service on save for new entity" time="0.039">
    </testcase>
  </testsuite>
  <testsuite name="Component Tests" errors="0" failures="0" skipped="0" timestamp="2019-09-25T19:55:40" time="0.999" tests="2">
    <testcase classname="Component Tests TipoMovimiento Management Update Component save Should call update service on save for existing entity" name="Component Tests TipoMovimiento Management Update Component save Should call update service on save for existing entity" time="0.07">
    </testcase>
    <testcase classname="Component Tests TipoMovimiento Management Update Component save Should call create service on save for new entity" name="Component Tests TipoMovimiento Management Update Component save Should call create service on save for new entity" time="0.034">
    </testcase>
  </testsuite>
  <testsuite name="Component Tests" errors="0" failures="0" skipped="0" timestamp="2019-09-25T19:55:40" time="1.087" tests="2">
    <testcase classname="Component Tests EstadoArticulo Management Update Component save Should call update service on save for existing entity" name="Component Tests EstadoArticulo Management Update Component save Should call update service on save for existing entity" time="0.061">
    </testcase>
    <testcase classname="Component Tests EstadoArticulo Management Update Component save Should call create service on save for new entity" name="Component Tests EstadoArticulo Management Update Component save Should call create service on save for new entity" time="0.05">
    </testcase>
  </testsuite>
  <testsuite name="Component Tests" errors="0" failures="0" skipped="0" timestamp="2019-09-25T19:55:41" time="1.053" tests="2">
    <testcase classname="Component Tests PrecioRepuesto Management Update Component save Should call update service on save for existing entity" name="Component Tests PrecioRepuesto Management Update Component save Should call update service on save for existing entity" time="0.061">
    </testcase>
    <testcase classname="Component Tests PrecioRepuesto Management Update Component save Should call create service on save for new entity" name="Component Tests PrecioRepuesto Management Update Component save Should call create service on save for new entity" time="0.053">
    </testcase>
  </testsuite>
  <testsuite name="Component Tests" errors="0" failures="0" skipped="0" timestamp="2019-09-25T19:55:41" time="1.189" tests="2">
    <testcase classname="Component Tests CostoRepuesto Management Update Component save Should call update service on save for existing entity" name="Component Tests CostoRepuesto Management Update Component save Should call update service on save for existing entity" time="0.095">
    </testcase>
    <testcase classname="Component Tests CostoRepuesto Management Update Component save Should call create service on save for new entity" name="Component Tests CostoRepuesto Management Update Component save Should call create service on save for new entity" time="0.049">
    </testcase>
  </testsuite>
  <testsuite name="Component Tests" errors="0" failures="0" skipped="0" timestamp="2019-09-25T19:55:42" time="1.172" tests="2">
    <testcase classname="Component Tests DetallePedido Management Update Component save Should call update service on save for existing entity" name="Component Tests DetallePedido Management Update Component save Should call update service on save for existing entity" time="0.052">
    </testcase>
    <testcase classname="Component Tests DetallePedido Management Update Component save Should call create service on save for new entity" name="Component Tests DetallePedido Management Update Component save Should call create service on save for new entity" time="0.056">
    </testcase>
  </testsuite>
  <testsuite name="Component Tests" errors="0" failures="0" skipped="0" timestamp="2019-09-25T19:55:42" time="1.17" tests="2">
    <testcase classname="Component Tests EstadoPersona Management Update Component save Should call update service on save for existing entity" name="Component Tests EstadoPersona Management Update Component save Should call update service on save for existing entity" time="0.068">
    </testcase>
    <testcase classname="Component Tests EstadoPersona Management Update Component save Should call create service on save for new entity" name="Component Tests EstadoPersona Management Update Component save Should call create service on save for new entity" time="0.033">
    </testcase>
  </testsuite>
  <testsuite name="Component Tests" errors="0" failures="0" skipped="0" timestamp="2019-09-25T19:55:43" time="1.085" tests="2">
    <testcase classname="Component Tests CategoriaPago Management Update Component save Should call update service on save for existing entity" name="Component Tests CategoriaPago Management Update Component save Should call update service on save for existing entity" time="0.067">
    </testcase>
    <testcase classname="Component Tests CategoriaPago Management Update Component save Should call create service on save for new entity" name="Component Tests CategoriaPago Management Update Component save Should call create service on save for new entity" time="0.04">
    </testcase>
  </testsuite>
  <testsuite name="Component Tests" errors="0" failures="0" skipped="0" timestamp="2019-09-25T19:55:43" time="1.239" tests="2">
    <testcase classname="Component Tests TipoRepuesto Management Update Component save Should call update service on save for existing entity" name="Component Tests TipoRepuesto Management Update Component save Should call update service on save for existing entity" time="0.077">
    </testcase>
    <testcase classname="Component Tests TipoRepuesto Management Update Component save Should call create service on save for new entity" name="Component Tests TipoRepuesto Management Update Component save Should call create service on save for new entity" time="0.073">
    </testcase>
  </testsuite>
  <testsuite name="Component Tests" errors="0" failures="0" skipped="0" timestamp="2019-09-25T19:55:44" time="1.184" tests="2">
    <testcase classname="Component Tests PagoEfectivo Management Update Component save Should call update service on save for existing entity" name="Component Tests PagoEfectivo Management Update Component save Should call update service on save for existing entity" time="0.068">
    </testcase>
    <testcase classname="Component Tests PagoEfectivo Management Update Component save Should call create service on save for new entity" name="Component Tests PagoEfectivo Management Update Component save Should call create service on save for new entity" time="0.044">
    </testcase>
  </testsuite>
  <testsuite name="Component Tests" errors="0" failures="0" skipped="0" timestamp="2019-09-25T19:55:45" time="1.386" tests="2">
    <testcase classname="Component Tests SubCategoria Management Update Component save Should call update service on save for existing entity" name="Component Tests SubCategoria Management Update Component save Should call update service on save for existing entity" time="0.063">
    </testcase>
    <testcase classname="Component Tests SubCategoria Management Update Component save Should call create service on save for new entity" name="Component Tests SubCategoria Management Update Component save Should call create service on save for new entity" time="0.037">
    </testcase>
  </testsuite>
  <testsuite name="Service Tests" errors="0" failures="0" skipped="0" timestamp="2019-09-25T19:55:45" time="0.884" tests="4">
    <testcase classname="Service Tests User Service Service methods should call correct URL" name="Service Tests User Service Service methods should call correct URL" time="0.034">
    </testcase>
    <testcase classname="Service Tests User Service Service methods should return User" name="Service Tests User Service Service methods should return User" time="0.022">
    </testcase>
    <testcase classname="Service Tests User Service Service methods should return Authorities" name="Service Tests User Service Service methods should return Authorities" time="0.014">
    </testcase>
    <testcase classname="Service Tests User Service Service methods should propagate not found response" name="Service Tests User Service Service methods should propagate not found response" time="0.013">
    </testcase>
  </testsuite>
  <testsuite name="Component Tests" errors="0" failures="0" skipped="0" timestamp="2019-09-25T19:55:46" time="1.076" tests="2">
    <testcase classname="Component Tests FormaDePago Management Update Component save Should call update service on save for existing entity" name="Component Tests FormaDePago Management Update Component save Should call update service on save for existing entity" time="0.056">
    </testcase>
    <testcase classname="Component Tests FormaDePago Management Update Component save Should call create service on save for new entity" name="Component Tests FormaDePago Management Update Component save Should call create service on save for new entity" time="0.042">
    </testcase>
  </testsuite>
  <testsuite name="Component Tests" errors="0" failures="0" skipped="0" timestamp="2019-09-25T19:55:46" time="1.252" tests="2">
    <testcase classname="Component Tests MedioDePago Management Update Component save Should call update service on save for existing entity" name="Component Tests MedioDePago Management Update Component save Should call update service on save for existing entity" time="0.087">
    </testcase>
    <testcase classname="Component Tests MedioDePago Management Update Component save Should call create service on save for new entity" name="Component Tests MedioDePago Management Update Component save Should call create service on save for new entity" time="0.048">
    </testcase>
  </testsuite>
  <testsuite name="Component Tests" errors="0" failures="0" skipped="0" timestamp="2019-09-25T19:55:47" time="1.206" tests="2">
    <testcase classname="Component Tests PagoTarjeta Management Update Component save Should call update service on save for existing entity" name="Component Tests PagoTarjeta Management Update Component save Should call update service on save for existing entity" time="0.101">
    </testcase>
    <testcase classname="Component Tests PagoTarjeta Management Update Component save Should call create service on save for new entity" name="Component Tests PagoTarjeta Management Update Component save Should call create service on save for new entity" time="0.066">
    </testcase>
  </testsuite>
  <testsuite name="Component Tests" errors="0" failures="0" skipped="0" timestamp="2019-09-25T19:55:48" time="1.136" tests="2">
    <testcase classname="Component Tests TipoTarjeta Management Update Component save Should call update service on save for existing entity" name="Component Tests TipoTarjeta Management Update Component save Should call update service on save for existing entity" time="0.067">
    </testcase>
    <testcase classname="Component Tests TipoTarjeta Management Update Component save Should call create service on save for new entity" name="Component Tests TipoTarjeta Management Update Component save Should call create service on save for new entity" time="0.04">
    </testcase>
  </testsuite>
  <testsuite name="Component Tests" errors="0" failures="0" skipped="0" timestamp="2019-09-25T19:55:49" time="1.315" tests="2">
    <testcase classname="Component Tests Presupuesto Management Update Component save Should call update service on save for existing entity" name="Component Tests Presupuesto Management Update Component save Should call update service on save for existing entity" time="0.088">
    </testcase>
    <testcase classname="Component Tests Presupuesto Management Update Component save Should call create service on save for new entity" name="Component Tests Presupuesto Management Update Component save Should call create service on save for new entity" time="0.063">
    </testcase>
  </testsuite>
  <testsuite name="Component Tests" errors="0" failures="0" skipped="0" timestamp="2019-09-25T19:55:49" time="1.775" tests="2">
    <testcase classname="Component Tests PagoCheque Management Update Component save Should call update service on save for existing entity" name="Component Tests PagoCheque Management Update Component save Should call update service on save for existing entity" time="0.117">
    </testcase>
    <testcase classname="Component Tests PagoCheque Management Update Component save Should call create service on save for new entity" name="Component Tests PagoCheque Management Update Component save Should call create service on save for new entity" time="0.149">
    </testcase>
  </testsuite>
  <testsuite name="Component Tests" errors="0" failures="0" skipped="0" timestamp="2019-09-25T19:55:50" time="1.218" tests="2">
    <testcase classname="Component Tests Movimiento Management Update Component save Should call update service on save for existing entity" name="Component Tests Movimiento Management Update Component save Should call update service on save for existing entity" time="0.064">
    </testcase>
    <testcase classname="Component Tests Movimiento Management Update Component save Should call create service on save for new entity" name="Component Tests Movimiento Management Update Component save Should call create service on save for new entity" time="0.042">
    </testcase>
  </testsuite>
  <testsuite name="Component Tests" errors="0" failures="0" skipped="0" timestamp="2019-09-25T19:55:51" time="1.106" tests="2">
    <testcase classname="Component Tests Cilindrada Management Update Component save Should call update service on save for existing entity" name="Component Tests Cilindrada Management Update Component save Should call update service on save for existing entity" time="0.052">
    </testcase>
    <testcase classname="Component Tests Cilindrada Management Update Component save Should call create service on save for new entity" name="Component Tests Cilindrada Management Update Component save Should call create service on save for new entity" time="0.041">
    </testcase>
  </testsuite>
  <testsuite name="Component Tests" errors="0" failures="0" skipped="0" timestamp="2019-09-25T19:55:51" time="1.011" tests="2">
    <testcase classname="Component Tests Aplicacion Management Update Component save Should call update service on save for existing entity" name="Component Tests Aplicacion Management Update Component save Should call update service on save for existing entity" time="0.05">
    </testcase>
    <testcase classname="Component Tests Aplicacion Management Update Component save Should call create service on save for new entity" name="Component Tests Aplicacion Management Update Component save Should call create service on save for new entity" time="0.042">
    </testcase>
  </testsuite>
  <testsuite name="Component Tests" errors="0" failures="0" skipped="0" timestamp="2019-09-25T19:55:52" time="0.884" tests="1">
    <testcase classname="Component Tests ListaPrecioRectificacionCRAM Management Delete Component confirmDelete Should call delete service on confirmDelete" name="Component Tests ListaPrecioRectificacionCRAM Management Delete Component confirmDelete Should call delete service on confirmDelete" time="0.053">
    </testcase>
  </testsuite>
  <testsuite name="Component Tests" errors="0" failures="0" skipped="0" timestamp="2019-09-25T19:55:52" time="0.987" tests="2">
    <testcase classname="Component Tests Localidad Management Update Component save Should call update service on save for existing entity" name="Component Tests Localidad Management Update Component save Should call update service on save for existing entity" time="0.058">
    </testcase>
    <testcase classname="Component Tests Localidad Management Update Component save Should call create service on save for new entity" name="Component Tests Localidad Management Update Component save Should call create service on save for new entity" time="0.058">
    </testcase>
  </testsuite>
  <testsuite name="Component Tests" errors="0" failures="0" skipped="0" timestamp="2019-09-25T19:55:53" time="1.05" tests="2">
    <testcase classname="Component Tests Operacion Management Update Component save Should call update service on save for existing entity" name="Component Tests Operacion Management Update Component save Should call update service on save for existing entity" time="0.05">
    </testcase>
    <testcase classname="Component Tests Operacion Management Update Component save Should call create service on save for new entity" name="Component Tests Operacion Management Update Component save Should call create service on save for new entity" time="0.056">
    </testcase>
  </testsuite>
  <testsuite name="Component Tests" errors="0" failures="0" skipped="0" timestamp="2019-09-25T19:55:53" time="1.056" tests="2">
    <testcase classname="Component Tests Proveedor Management Update Component save Should call update service on save for existing entity" name="Component Tests Proveedor Management Update Component save Should call update service on save for existing entity" time="0.074">
    </testcase>
    <testcase classname="Component Tests Proveedor Management Update Component save Should call create service on save for new entity" name="Component Tests Proveedor Management Update Component save Should call create service on save for new entity" time="0.04">
    </testcase>
  </testsuite>
  <testsuite name="Component Tests" errors="0" failures="0" skipped="0" timestamp="2019-09-25T19:55:54" time="1.004" tests="2">
    <testcase classname="Component Tests Direccion Management Update Component save Should call update service on save for existing entity" name="Component Tests Direccion Management Update Component save Should call update service on save for existing entity" time="0.064">
    </testcase>
    <testcase classname="Component Tests Direccion Management Update Component save Should call create service on save for new entity" name="Component Tests Direccion Management Update Component save Should call create service on save for new entity" time="0.042">
    </testcase>
  </testsuite>
  <testsuite name="Component Tests" errors="0" failures="0" skipped="0" timestamp="2019-09-25T19:55:54" time="1.04" tests="2">
    <testcase classname="Component Tests Sucursal Management Update Component save Should call update service on save for existing entity" name="Component Tests Sucursal Management Update Component save Should call update service on save for existing entity" time="0.066">
    </testcase>
    <testcase classname="Component Tests Sucursal Management Update Component save Should call create service on save for new entity" name="Component Tests Sucursal Management Update Component save Should call create service on save for new entity" time="0.043">
    </testcase>
  </testsuite>
  <testsuite name="Component Tests" errors="0" failures="0" skipped="0" timestamp="2019-09-25T19:55:55" time="1.159" tests="2">
    <testcase classname="Component Tests Articulo Management Update Component save Should call update service on save for existing entity" name="Component Tests Articulo Management Update Component save Should call update service on save for existing entity" time="0.067">
    </testcase>
    <testcase classname="Component Tests Articulo Management Update Component save Should call create service on save for new entity" name="Component Tests Articulo Management Update Component save Should call create service on save for new entity" time="0.056">
    </testcase>
  </testsuite>
  <testsuite name="Component Tests" errors="0" failures="0" skipped="0" timestamp="2019-09-25T19:55:55" time="1.158" tests="2">
    <testcase classname="Component Tests Empleado Management Update Component save Should call update service on save for existing entity" name="Component Tests Empleado Management Update Component save Should call update service on save for existing entity" time="0.066">
    </testcase>
    <testcase classname="Component Tests Empleado Management Update Component save Should call create service on save for new entity" name="Component Tests Empleado Management Update Component save Should call create service on save for new entity" time="0.07">
    </testcase>
  </testsuite>
  <testsuite name="Service Tests" errors="0" failures="0" skipped="0" timestamp="2019-09-25T19:55:56" time="0.677" tests="3">
    <testcase classname="Service Tests Logs Service Service methods should call correct URL" name="Service Tests Logs Service Service methods should call correct URL" time="0.02">
    </testcase>
    <testcase classname="Service Tests Logs Service Service methods should get the config" name="Service Tests Logs Service Service methods should get the config" time="0.017">
    </testcase>
    <testcase classname="Service Tests Logs Service Service methods should get the env" name="Service Tests Logs Service Service methods should get the env" time="0.016">
    </testcase>
  </testsuite>
  <testsuite name="Component Tests" errors="0" failures="0" skipped="0" timestamp="2019-09-25T19:55:57" time="1.051" tests="2">
    <testcase classname="Component Tests Tarjeta Management Update Component save Should call update service on save for existing entity" name="Component Tests Tarjeta Management Update Component save Should call update service on save for existing entity" time="0.086">
    </testcase>
    <testcase classname="Component Tests Tarjeta Management Update Component save Should call create service on save for new entity" name="Component Tests Tarjeta Management Update Component save Should call create service on save for new entity" time="0.04">
    </testcase>
  </testsuite>
  <testsuite name="Component Tests" errors="0" failures="0" skipped="0" timestamp="2019-09-25T19:55:57" time="1.074" tests="2">
    <testcase classname="Component Tests Cliente Management Update Component save Should call update service on save for existing entity" name="Component Tests Cliente Management Update Component save Should call update service on save for existing entity" time="0.056">
    </testcase>
    <testcase classname="Component Tests Cliente Management Update Component save Should call create service on save for new entity" name="Component Tests Cliente Management Update Component save Should call create service on save for new entity" time="0.054">
    </testcase>
  </testsuite>
  <testsuite name="Component Tests" errors="0" failures="0" skipped="0" timestamp="2019-09-25T19:55:58" time="1.123" tests="2">
    <testcase classname="Component Tests Persona Management Update Component save Should call update service on save for existing entity" name="Component Tests Persona Management Update Component save Should call update service on save for existing entity" time="0.061">
    </testcase>
    <testcase classname="Component Tests Persona Management Update Component save Should call create service on save for new entity" name="Component Tests Persona Management Update Component save Should call create service on save for new entity" time="0.034">
    </testcase>
  </testsuite>
  <testsuite name="Component Tests" errors="0" failures="0" skipped="0" timestamp="2019-09-25T19:55:58" time="1.052" tests="3">
    <testcase classname="Component Tests ActivateComponent calls activate.get with the key from params" name="Component Tests ActivateComponent calls activate.get with the key from params" time="0.041">
    </testcase>
    <testcase classname="Component Tests ActivateComponent should set set success to OK upon successful activation" name="Component Tests ActivateComponent should set set success to OK upon successful activation" time="0.026">
    </testcase>
    <testcase classname="Component Tests ActivateComponent should set set error to ERROR upon activation failure" name="Component Tests ActivateComponent should set set error to ERROR upon activation failure" time="0.023">
    </testcase>
  </testsuite>
  <testsuite name="Component Tests" errors="0" failures="0" skipped="0" timestamp="2019-09-25T19:55:59" time="1.047" tests="2">
    <testcase classname="Component Tests Marca Management Update Component save Should call update service on save for existing entity" name="Component Tests Marca Management Update Component save Should call update service on save for existing entity" time="0.044">
    </testcase>
    <testcase classname="Component Tests Marca Management Update Component save Should call create service on save for new entity" name="Component Tests Marca Management Update Component save Should call create service on save for new entity" time="0.031">
    </testcase>
  </testsuite>
  <testsuite name="Component Tests" errors="0" failures="0" skipped="0" timestamp="2019-09-25T19:55:59" time="1.267" tests="1">
    <testcase classname="Component Tests EstadoCobranzaOperacion Management Delete Component confirmDelete Should call delete service on confirmDelete" name="Component Tests EstadoCobranzaOperacion Management Delete Component confirmDelete Should call delete service on confirmDelete" time="0.071">
    </testcase>
  </testsuite>
  <testsuite name="Component Tests" errors="0" failures="0" skipped="0" timestamp="2019-09-25T19:56:00" time="1.183" tests="2">
    <testcase classname="Component Tests Rubro Management Update Component save Should call update service on save for existing entity" name="Component Tests Rubro Management Update Component save Should call update service on save for existing entity" time="0.078">
    </testcase>
    <testcase classname="Component Tests Rubro Management Update Component save Should call create service on save for new entity" name="Component Tests Rubro Management Update Component save Should call create service on save for new entity" time="0.085">
    </testcase>
  </testsuite>
  <testsuite name="Component Tests" errors="0" failures="0" skipped="0" timestamp="2019-09-25T19:56:00" time="1.206" tests="2">
    <testcase classname="Component Tests Banco Management Update Component save Should call update service on save for existing entity" name="Component Tests Banco Management Update Component save Should call update service on save for existing entity" time="0.075">
    </testcase>
    <testcase classname="Component Tests Banco Management Update Component save Should call create service on save for new entity" name="Component Tests Banco Management Update Component save Should call create service on save for new entity" time="0.05">
    </testcase>
  </testsuite>
  <testsuite name="Component Tests" errors="0" failures="0" skipped="0" timestamp="2019-09-25T19:56:01" time="1.09" tests="1">
    <testcase classname="Component Tests ListaPrecioDesdeHasta Management Delete Component confirmDelete Should call delete service on confirmDelete" name="Component Tests ListaPrecioDesdeHasta Management Delete Component confirmDelete Should call delete service on confirmDelete" time="0.05">
    </testcase>
  </testsuite>
  <testsuite name="Component Tests" errors="0" failures="0" skipped="0" timestamp="2019-09-25T19:56:01" time="1.639" tests="2">
    <testcase classname="Component Tests Motor Management Update Component save Should call update service on save for existing entity" name="Component Tests Motor Management Update Component save Should call update service on save for existing entity" time="0.135">
    </testcase>
    <testcase classname="Component Tests Motor Management Update Component save Should call create service on save for new entity" name="Component Tests Motor Management Update Component save Should call create service on save for new entity" time="0.131">
    </testcase>
  </testsuite>
  <testsuite name="Component Tests" errors="0" failures="0" skipped="0" timestamp="2019-09-25T19:56:02" time="1.144" tests="2">
    <testcase classname="Component Tests Caja Management Update Component save Should call update service on save for existing entity" name="Component Tests Caja Management Update Component save Should call update service on save for existing entity" time="0.042">
    </testcase>
    <testcase classname="Component Tests Caja Management Update Component save Should call create service on save for new entity" name="Component Tests Caja Management Update Component save Should call create service on save for new entity" time="0.035">
    </testcase>
  </testsuite>
  <testsuite name="Component Tests" errors="0" failures="0" skipped="0" timestamp="2019-09-25T19:56:03" time="1.143" tests="1">
    <testcase classname="Component Tests TipoDetalleMovimiento Management Delete Component confirmDelete Should call delete service on confirmDelete" name="Component Tests TipoDetalleMovimiento Management Delete Component confirmDelete Should call delete service on confirmDelete" time="0.052">
    </testcase>
  </testsuite>
  <testsuite name="Component Tests" errors="0" failures="0" skipped="0" timestamp="2019-09-25T19:56:04" time="0.92" tests="1">
    <testcase classname="Component Tests MovimientoPresupuesto Management Delete Component confirmDelete Should call delete service on confirmDelete" name="Component Tests MovimientoPresupuesto Management Delete Component confirmDelete Should call delete service on confirmDelete" time="0.044">
    </testcase>
  </testsuite>
  <testsuite name="Component Tests" errors="0" failures="0" skipped="0" timestamp="2019-09-25T19:56:04" time="0.9" tests="1">
    <testcase classname="Component Tests EstadoPedidoRepuesto Management Delete Component confirmDelete Should call delete service on confirmDelete" name="Component Tests EstadoPedidoRepuesto Management Delete Component confirmDelete Should call delete service on confirmDelete" time="0.058">
    </testcase>
  </testsuite>
  <testsuite name="Component Tests" errors="0" failures="0" skipped="0" timestamp="2019-09-25T19:56:05" time="0.957" tests="1">
    <testcase classname="Component Tests EstadoDetallePedido Management Delete Component confirmDelete Should call delete service on confirmDelete" name="Component Tests EstadoDetallePedido Management Delete Component confirmDelete Should call delete service on confirmDelete" time="0.046">
    </testcase>
  </testsuite>
  <testsuite name="Component Tests" errors="0" failures="0" skipped="0" timestamp="2019-09-25T19:56:05" time="0.912" tests="1">
    <testcase classname="Component Tests EstadoCostoRepuesto Management Delete Component confirmDelete Should call delete service on confirmDelete" name="Component Tests EstadoCostoRepuesto Management Delete Component confirmDelete Should call delete service on confirmDelete" time="0.051">
    </testcase>
  </testsuite>
  <testsuite name="Component Tests" errors="0" failures="0" skipped="0" timestamp="2019-09-25T19:56:06" time="0.961" tests="1">
    <testcase classname="Component Tests MedioDePagoTarjeta Management Delete Component confirmDelete Should call delete service on confirmDelete" name="Component Tests MedioDePagoTarjeta Management Delete Component confirmDelete Should call delete service on confirmDelete" time="0.046">
    </testcase>
  </testsuite>
  <testsuite name="Component Tests" errors="0" failures="0" skipped="0" timestamp="2019-09-25T19:56:06" time="0.961" tests="1">
    <testcase classname="Component Tests MovimientoArticulo Management Delete Component confirmDelete Should call delete service on confirmDelete" name="Component Tests MovimientoArticulo Management Delete Component confirmDelete Should call delete service on confirmDelete" time="0.095">
    </testcase>
  </testsuite>
  <testsuite name="Component Tests" errors="0" failures="0" skipped="0" timestamp="2019-09-25T19:56:07" time="1.088" tests="1">
    <testcase classname="Component Tests DetallePresupuesto Management Delete Component confirmDelete Should call delete service on confirmDelete" name="Component Tests DetallePresupuesto Management Delete Component confirmDelete Should call delete service on confirmDelete" time="0.078">
    </testcase>
  </testsuite>
  <testsuite name="Component Tests" errors="0" failures="0" skipped="0" timestamp="2019-09-25T19:56:07" time="1.082" tests="1">
    <testcase classname="Component Tests MedioDePagoCheque Management Delete Component confirmDelete Should call delete service on confirmDelete" name="Component Tests MedioDePagoCheque Management Delete Component confirmDelete Should call delete service on confirmDelete" time="0.075">
    </testcase>
  </testsuite>
  <testsuite name="Component Tests" errors="0" failures="0" skipped="0" timestamp="2019-09-25T19:56:08" time="0.971" tests="1">
    <testcase classname="Component Tests CobranzaOperacion Management Delete Component confirmDelete Should call delete service on confirmDelete" name="Component Tests CobranzaOperacion Management Delete Component confirmDelete Should call delete service on confirmDelete" time="0.055">
    </testcase>
  </testsuite>
  <testsuite name="Component Tests" errors="0" failures="0" skipped="0" timestamp="2019-09-25T19:56:08" time="0.905" tests="3">
    <testcase classname="Component Tests PasswordStrengthBarComponent PasswordStrengthBarComponents should initialize with default values" name="Component Tests PasswordStrengthBarComponent PasswordStrengthBarComponents should initialize with default values" time="0.037">
    </testcase>
    <testcase classname="Component Tests PasswordStrengthBarComponent PasswordStrengthBarComponents should increase strength upon password value change" name="Component Tests PasswordStrengthBarComponent PasswordStrengthBarComponents should increase strength upon password value change" time="0.032">
    </testcase>
    <testcase classname="Component Tests PasswordStrengthBarComponent PasswordStrengthBarComponents should change the color based on strength" name="Component Tests PasswordStrengthBarComponent PasswordStrengthBarComponents should change the color based on strength" time="0.016">
    </testcase>
  </testsuite>
  <testsuite name="Component Tests" errors="0" failures="0" skipped="0" timestamp="2019-09-25T19:56:09" time="1.043" tests="1">
    <testcase classname="Component Tests DocumentationType Management Delete Component confirmDelete Should call delete service on confirmDelete" name="Component Tests DocumentationType Management Delete Component confirmDelete Should call delete service on confirmDelete" time="0.072">
    </testcase>
  </testsuite>
  <testsuite name="Component Tests" errors="0" failures="0" skipped="0" timestamp="2019-09-25T19:56:09" time="0.964" tests="1">
    <testcase classname="Component Tests DetalleMovimiento Management Delete Component confirmDelete Should call delete service on confirmDelete" name="Component Tests DetalleMovimiento Management Delete Component confirmDelete Should call delete service on confirmDelete" time="0.051">
    </testcase>
  </testsuite>
  <testsuite name="Component Tests" errors="0" failures="0" skipped="0" timestamp="2019-09-25T19:56:10" time="1.115" tests="1">
    <testcase classname="Component Tests EstadoPresupuesto Management Delete Component confirmDelete Should call delete service on confirmDelete" name="Component Tests EstadoPresupuesto Management Delete Component confirmDelete Should call delete service on confirmDelete" time="0.06">
    </testcase>
  </testsuite>
  <testsuite name="Component Tests" errors="0" failures="0" skipped="0" timestamp="2019-09-25T19:56:10" time="1.072" tests="1">
    <testcase classname="Component Tests MovimientoPedido Management Delete Component confirmDelete Should call delete service on confirmDelete" name="Component Tests MovimientoPedido Management Delete Component confirmDelete Should call delete service on confirmDelete" time="0.059">
    </testcase>
  </testsuite>
  <testsuite name="Component Tests" errors="0" failures="0" skipped="0" timestamp="2019-09-25T19:56:11" time="1.078" tests="1">
    <testcase classname="Component Tests EstadoMovimiento Management Delete Component confirmDelete Should call delete service on confirmDelete" name="Component Tests EstadoMovimiento Management Delete Component confirmDelete Should call delete service on confirmDelete" time="0.088">
    </testcase>
  </testsuite>
  <testsuite name="Component Tests" errors="0" failures="0" skipped="0" timestamp="2019-09-25T19:56:11" time="1.113" tests="1">
    <testcase classname="Component Tests CobranzaRepuesto Management Delete Component confirmDelete Should call delete service on confirmDelete" name="Component Tests CobranzaRepuesto Management Delete Component confirmDelete Should call delete service on confirmDelete" time="0.09">
    </testcase>
  </testsuite>
  <testsuite name="Component Tests" errors="0" failures="0" skipped="0" timestamp="2019-09-25T19:56:12" time="1.38" tests="1">
    <testcase classname="Component Tests HistorialPrecio Management Delete Component confirmDelete Should call delete service on confirmDelete" name="Component Tests HistorialPrecio Management Delete Component confirmDelete Should call delete service on confirmDelete" time="0.206">
    </testcase>
  </testsuite>
  <testsuite name="Component Tests" errors="0" failures="0" skipped="0" timestamp="2019-09-25T19:56:12" time="1.534" tests="1">
    <testcase classname="Component Tests EstadoOperacion Management Delete Component confirmDelete Should call delete service on confirmDelete" name="Component Tests EstadoOperacion Management Delete Component confirmDelete Should call delete service on confirmDelete" time="0.198">
    </testcase>
  </testsuite>
  <testsuite name="Component Tests" errors="0" failures="0" skipped="0" timestamp="2019-09-25T19:56:13" time="1.491" tests="1">
    <testcase classname="Component Tests TipoParteMotor Management Delete Component confirmDelete Should call delete service on confirmDelete" name="Component Tests TipoParteMotor Management Delete Component confirmDelete Should call delete service on confirmDelete" time="0.046">
    </testcase>
  </testsuite>
  <testsuite name="Component Tests" errors="0" failures="0" skipped="0" timestamp="2019-09-25T19:56:14" time="1.367" tests="1">
    <testcase classname="Component Tests EstadoArticulo Management Delete Component confirmDelete Should call delete service on confirmDelete" name="Component Tests EstadoArticulo Management Delete Component confirmDelete Should call delete service on confirmDelete" time="0.075">
    </testcase>
  </testsuite>
  <testsuite name="Component Tests" errors="0" failures="0" skipped="0" timestamp="2019-09-25T19:56:15" time="1.01" tests="1">
    <testcase classname="Component Tests TipoMovimiento Management Delete Component confirmDelete Should call delete service on confirmDelete" name="Component Tests TipoMovimiento Management Delete Component confirmDelete Should call delete service on confirmDelete" time="0.057">
    </testcase>
  </testsuite>
  <testsuite name="Component Tests" errors="0" failures="0" skipped="0" timestamp="2019-09-25T19:56:15" time="0.979" tests="1">
    <testcase classname="Component Tests CostoOperacion Management Delete Component confirmDelete Should call delete service on confirmDelete" name="Component Tests CostoOperacion Management Delete Component confirmDelete Should call delete service on confirmDelete" time="0.078">
    </testcase>
  </testsuite>
  <testsuite name="Component Tests" errors="0" failures="0" skipped="0" timestamp="2019-09-25T19:56:16" time="0.985" tests="1">
    <testcase classname="Component Tests PedidoRepuesto Management Delete Component confirmDelete Should call delete service on confirmDelete" name="Component Tests PedidoRepuesto Management Delete Component confirmDelete Should call delete service on confirmDelete" time="0.067">
    </testcase>
  </testsuite>
  <testsuite name="Component Tests" errors="0" failures="0" skipped="0" timestamp="2019-09-25T19:56:16" time="1.011" tests="1">
    <testcase classname="Component Tests PrecioRepuesto Management Delete Component confirmDelete Should call delete service on confirmDelete" name="Component Tests PrecioRepuesto Management Delete Component confirmDelete Should call delete service on confirmDelete" time="0.086">
    </testcase>
  </testsuite>
  <testsuite name="Component Tests" errors="0" failures="0" skipped="0" timestamp="2019-09-25T19:56:17" time="1.1" tests="1">
    <testcase classname="Component Tests EstadoPersona Management Delete Component confirmDelete Should call delete service on confirmDelete" name="Component Tests EstadoPersona Management Delete Component confirmDelete Should call delete service on confirmDelete" time="0.108">
    </testcase>
  </testsuite>
  <testsuite name="Component Tests" errors="0" failures="0" skipped="0" timestamp="2019-09-25T19:56:17" time="1.131" tests="1">
    <testcase classname="Component Tests CostoRepuesto Management Delete Component confirmDelete Should call delete service on confirmDelete" name="Component Tests CostoRepuesto Management Delete Component confirmDelete Should call delete service on confirmDelete" time="0.05">
    </testcase>
  </testsuite>
  <testsuite name="Component Tests" errors="0" failures="0" skipped="0" timestamp="2019-09-25T19:56:18" time="0.941" tests="1">
    <testcase classname="Component Tests CategoriaPago Management Delete Component confirmDelete Should call delete service on confirmDelete" name="Component Tests CategoriaPago Management Delete Component confirmDelete Should call delete service on confirmDelete" time="0.04">
    </testcase>
  </testsuite>
  <testsuite name="Component Tests" errors="0" failures="0" skipped="0" timestamp="2019-09-25T19:56:18" time="0.933" tests="1">
    <testcase classname="Component Tests DetallePedido Management Delete Component confirmDelete Should call delete service on confirmDelete" name="Component Tests DetallePedido Management Delete Component confirmDelete Should call delete service on confirmDelete" time="0.048">
    </testcase>
  </testsuite>
  <testsuite name="Component Tests" errors="0" failures="0" skipped="0" timestamp="2019-09-25T19:56:19" time="0.806" tests="1">
    <testcase classname="Component Tests PagoEfectivo Management Delete Component confirmDelete Should call delete service on confirmDelete" name="Component Tests PagoEfectivo Management Delete Component confirmDelete Should call delete service on confirmDelete" time="0.036">
    </testcase>
  </testsuite>
  <testsuite name="Component Tests" errors="0" failures="0" skipped="0" timestamp="2019-09-25T19:56:19" time="0.799" tests="1">
    <testcase classname="Component Tests SubCategoria Management Delete Component confirmDelete Should call delete service on confirmDelete" name="Component Tests SubCategoria Management Delete Component confirmDelete Should call delete service on confirmDelete" time="0.058">
    </testcase>
  </testsuite>
  <testsuite name="Component Tests" errors="0" failures="0" skipped="0" timestamp="2019-09-25T19:56:20" time="0.953" tests="1">
    <testcase classname="Component Tests TipoRepuesto Management Delete Component confirmDelete Should call delete service on confirmDelete" name="Component Tests TipoRepuesto Management Delete Component confirmDelete Should call delete service on confirmDelete" time="0.054">
    </testcase>
  </testsuite>
  <testsuite name="Component Tests" errors="0" failures="0" skipped="0" timestamp="2019-09-25T19:56:20" time="0.953" tests="1">
    <testcase classname="Component Tests ListaPrecioRectificacionCRAM Management Component Should call load all on init" name="Component Tests ListaPrecioRectificacionCRAM Management Component Should call load all on init" time="0.063">
    </testcase>
  </testsuite>
  <testsuite name="Component Tests" errors="0" failures="0" skipped="0" timestamp="2019-09-25T19:56:21" time="0.893" tests="1">
    <testcase classname="Component Tests MedioDePago Management Delete Component confirmDelete Should call delete service on confirmDelete" name="Component Tests MedioDePago Management Delete Component confirmDelete Should call delete service on confirmDelete" time="0.062">
    </testcase>
  </testsuite>
  <testsuite name="Component Tests" errors="0" failures="0" skipped="0" timestamp="2019-09-25T19:56:21" time="0.894" tests="1">
    <testcase classname="Component Tests FormaDePago Management Delete Component confirmDelete Should call delete service on confirmDelete" name="Component Tests FormaDePago Management Delete Component confirmDelete Should call delete service on confirmDelete" time="0.072">
    </testcase>
  </testsuite>
  <testsuite name="Component Tests" errors="0" failures="0" skipped="0" timestamp="2019-09-25T19:56:22" time="0.938" tests="1">
    <testcase classname="Component Tests TipoTarjeta Management Delete Component confirmDelete Should call delete service on confirmDelete" name="Component Tests TipoTarjeta Management Delete Component confirmDelete Should call delete service on confirmDelete" time="0.062">
    </testcase>
  </testsuite>
  <testsuite name="Component Tests" errors="0" failures="0" skipped="0" timestamp="2019-09-25T19:56:22" time="1.025" tests="1">
    <testcase classname="Component Tests PagoTarjeta Management Delete Component confirmDelete Should call delete service on confirmDelete" name="Component Tests PagoTarjeta Management Delete Component confirmDelete Should call delete service on confirmDelete" time="0.108">
    </testcase>
  </testsuite>
  <testsuite name="Component Tests" errors="0" failures="0" skipped="0" timestamp="2019-09-25T19:56:23" time="1.28" tests="1">
    <testcase classname="Component Tests Presupuesto Management Delete Component confirmDelete Should call delete service on confirmDelete" name="Component Tests Presupuesto Management Delete Component confirmDelete Should call delete service on confirmDelete" time="0.061">
    </testcase>
  </testsuite>
  <testsuite name="Component Tests" errors="0" failures="0" skipped="0" timestamp="2019-09-25T19:56:23" time="1.221" tests="1">
    <testcase classname="Component Tests User Management Detail Component OnInit Should call load all on init" name="Component Tests User Management Detail Component OnInit Should call load all on init" time="0.039">
    </testcase>
  </testsuite>
  <testsuite name="Service Tests" errors="0" failures="0" skipped="0" timestamp="2019-09-25T19:56:24" time="0.846" tests="3">
    <testcase classname="Service Tests Audits Service Service methods should call correct URL" name="Service Tests Audits Service Service methods should call correct URL" time="0.043">
    </testcase>
    <testcase classname="Service Tests Audits Service Service methods should return Audits" name="Service Tests Audits Service Service methods should return Audits" time="0.022">
    </testcase>
    <testcase classname="Service Tests Audits Service Service methods should propagate not found response" name="Service Tests Audits Service Service methods should propagate not found response" time="0.015">
    </testcase>
  </testsuite>
  <testsuite name="Component Tests" errors="0" failures="0" skipped="0" timestamp="2019-09-25T19:56:24" time="0.822" tests="1">
    <testcase classname="Component Tests User Management Delete Component confirmDelete Should call delete service on confirmDelete" name="Component Tests User Management Delete Component confirmDelete Should call delete service on confirmDelete" time="0.064">
    </testcase>
  </testsuite>
  <testsuite name="Component Tests" errors="0" failures="0" skipped="0" timestamp="2019-09-25T19:56:25" time="1.117" tests="1">
    <testcase classname="Component Tests PagoCheque Management Delete Component confirmDelete Should call delete service on confirmDelete" name="Component Tests PagoCheque Management Delete Component confirmDelete Should call delete service on confirmDelete" time="0.06">
    </testcase>
  </testsuite>
  <testsuite name="Component Tests" errors="0" failures="0" skipped="0" timestamp="2019-09-25T19:56:25" time="1.121" tests="1">
    <testcase classname="Component Tests Cilindrada Management Delete Component confirmDelete Should call delete service on confirmDelete" name="Component Tests Cilindrada Management Delete Component confirmDelete Should call delete service on confirmDelete" time="0.071">
    </testcase>
  </testsuite>
  <testsuite name="Component Tests" errors="0" failures="0" skipped="0" timestamp="2019-09-25T19:56:26" time="1.282" tests="1">
    <testcase classname="Component Tests Movimiento Management Delete Component confirmDelete Should call delete service on confirmDelete" name="Component Tests Movimiento Management Delete Component confirmDelete Should call delete service on confirmDelete" time="0.059">
    </testcase>
  </testsuite>
  <testsuite name="Component Tests" errors="0" failures="0" skipped="0" timestamp="2019-09-25T19:56:26" time="1.676" tests="1">
    <testcase classname="Component Tests Aplicacion Management Delete Component confirmDelete Should call delete service on confirmDelete" name="Component Tests Aplicacion Management Delete Component confirmDelete Should call delete service on confirmDelete" time="0.117">
    </testcase>
  </testsuite>
  <testsuite name="Component Tests" errors="0" failures="0" skipped="0" timestamp="2019-09-25T19:56:28" time="1.445" tests="1">
    <testcase classname="Component Tests Operacion Management Delete Component confirmDelete Should call delete service on confirmDelete" name="Component Tests Operacion Management Delete Component confirmDelete Should call delete service on confirmDelete" time="0.059">
    </testcase>
  </testsuite>
  <testsuite name="Component Tests" errors="0" failures="0" skipped="0" timestamp="2019-09-25T19:56:28" time="1.188" tests="1">
    <testcase classname="Component Tests Proveedor Management Delete Component confirmDelete Should call delete service on confirmDelete" name="Component Tests Proveedor Management Delete Component confirmDelete Should call delete service on confirmDelete" time="0.07">
    </testcase>
  </testsuite>
  <testsuite name="Component Tests" errors="0" failures="0" skipped="0" timestamp="2019-09-25T19:56:29" time="1.104" tests="1">
    <testcase classname="Component Tests Localidad Management Delete Component confirmDelete Should call delete service on confirmDelete" name="Component Tests Localidad Management Delete Component confirmDelete Should call delete service on confirmDelete" time="0.089">
    </testcase>
  </testsuite>
  <testsuite name="Component Tests" errors="0" failures="0" skipped="0" timestamp="2019-09-25T19:56:29" time="1.347" tests="1">
    <testcase classname="Component Tests Direccion Management Delete Component confirmDelete Should call delete service on confirmDelete" name="Component Tests Direccion Management Delete Component confirmDelete Should call delete service on confirmDelete" time="0.06">
    </testcase>
  </testsuite>
  <testsuite name="Component Tests" errors="0" failures="0" skipped="0" timestamp="2019-09-25T19:56:30" time="1.07" tests="1">
    <testcase classname="Component Tests Sucursal Management Delete Component confirmDelete Should call delete service on confirmDelete" name="Component Tests Sucursal Management Delete Component confirmDelete Should call delete service on confirmDelete" time="0.054">
    </testcase>
  </testsuite>
  <testsuite name="Component Tests" errors="0" failures="0" skipped="0" timestamp="2019-09-25T19:56:31" time="1.189" tests="1">
    <testcase classname="Component Tests Articulo Management Delete Component confirmDelete Should call delete service on confirmDelete" name="Component Tests Articulo Management Delete Component confirmDelete Should call delete service on confirmDelete" time="0.081">
    </testcase>
  </testsuite>
  <testsuite name="Component Tests" errors="0" failures="0" skipped="0" timestamp="2019-09-25T19:56:31" time="1.83" tests="1">
    <testcase classname="Component Tests Empleado Management Delete Component confirmDelete Should call delete service on confirmDelete" name="Component Tests Empleado Management Delete Component confirmDelete Should call delete service on confirmDelete" time="0.231">
    </testcase>
  </testsuite>
  <testsuite name="Component Tests" errors="0" failures="0" skipped="0" timestamp="2019-09-25T19:56:32" time="2.633" tests="1">
    <testcase classname="Component Tests Persona Management Delete Component confirmDelete Should call delete service on confirmDelete" name="Component Tests Persona Management Delete Component confirmDelete Should call delete service on confirmDelete" time="0.172">
    </testcase>
  </testsuite>
  <testsuite name="Component Tests" errors="0" failures="0" skipped="0" timestamp="2019-09-25T19:56:33" time="2.39" tests="1">
    <testcase classname="Component Tests Cliente Management Delete Component confirmDelete Should call delete service on confirmDelete" name="Component Tests Cliente Management Delete Component confirmDelete Should call delete service on confirmDelete" time="0.099">
    </testcase>
  </testsuite>
  <testsuite name="Component Tests" errors="0" failures="0" skipped="0" timestamp="2019-09-25T19:56:35" time="2.086" tests="1">
    <testcase classname="Component Tests Tarjeta Management Delete Component confirmDelete Should call delete service on confirmDelete" name="Component Tests Tarjeta Management Delete Component confirmDelete Should call delete service on confirmDelete" time="0.096">
    </testcase>
  </testsuite>
  <testsuite name="Component Tests" errors="0" failures="0" skipped="0" timestamp="2019-09-25T19:56:36" time="2.321" tests="1">
    <testcase classname="Component Tests Marca Management Delete Component confirmDelete Should call delete service on confirmDelete" name="Component Tests Marca Management Delete Component confirmDelete Should call delete service on confirmDelete" time="0.194">
    </testcase>
  </testsuite>
  <testsuite name="Component Tests" errors="0" failures="0" skipped="0" timestamp="2019-09-25T19:56:37" time="2.348" tests="1">
    <testcase classname="Component Tests Banco Management Delete Component confirmDelete Should call delete service on confirmDelete" name="Component Tests Banco Management Delete Component confirmDelete Should call delete service on confirmDelete" time="0.122">
    </testcase>
  </testsuite>
  <testsuite name="Component Tests" errors="0" failures="0" skipped="0" timestamp="2019-09-25T19:56:38" time="2.206" tests="1">
    <testcase classname="Component Tests Rubro Management Delete Component confirmDelete Should call delete service on confirmDelete" name="Component Tests Rubro Management Delete Component confirmDelete Should call delete service on confirmDelete" time="0.066">
    </testcase>
  </testsuite>
  <testsuite name="Component Tests" errors="0" failures="0" skipped="0" timestamp="2019-09-25T19:56:39" time="1.569" tests="1">
    <testcase classname="Component Tests EstadoCobranzaOperacion Management Component Should call load all on init" name="Component Tests EstadoCobranzaOperacion Management Component Should call load all on init" time="0.065">
    </testcase>
  </testsuite>
  <testsuite name="Component Tests" errors="0" failures="0" skipped="0" timestamp="2019-09-25T19:56:40" time="1.203" tests="1">
    <testcase classname="Component Tests Motor Management Delete Component confirmDelete Should call delete service on confirmDelete" name="Component Tests Motor Management Delete Component confirmDelete Should call delete service on confirmDelete" time="0.081">
    </testcase>
  </testsuite>
  <testsuite name="Component Tests" errors="0" failures="0" skipped="0" timestamp="2019-09-25T19:56:41" time="1.243" tests="1">
    <testcase classname="Component Tests Caja Management Delete Component confirmDelete Should call delete service on confirmDelete" name="Component Tests Caja Management Delete Component confirmDelete Should call delete service on confirmDelete" time="0.076">
    </testcase>
  </testsuite>
  <testsuite name="Component Tests" errors="0" failures="0" skipped="0" timestamp="2019-09-25T19:56:41" time="1.442" tests="1">
    <testcase classname="Component Tests ListaPrecioDesdeHasta Management Component Should call load all on init" name="Component Tests ListaPrecioDesdeHasta Management Component Should call load all on init" time="0.06">
    </testcase>
  </testsuite>
  <testsuite name="Component Tests" errors="0" failures="0" skipped="0" timestamp="2019-09-25T19:56:42" time="1.158" tests="1">
    <testcase classname="Component Tests TipoDetalleMovimiento Management Component Should call load all on init" name="Component Tests TipoDetalleMovimiento Management Component Should call load all on init" time="0.05">
    </testcase>
  </testsuite>
  <testsuite name="Component Tests" errors="0" failures="0" skipped="0" timestamp="2019-09-25T19:56:43" time="1.042" tests="1">
    <testcase classname="Component Tests MovimientoPresupuesto Management Component Should call load all on init" name="Component Tests MovimientoPresupuesto Management Component Should call load all on init" time="0.062">
    </testcase>
  </testsuite>
  <testsuite name="Component Tests" errors="0" failures="0" skipped="0" timestamp="2019-09-25T19:56:43" time="1.278" tests="1">
    <testcase classname="Component Tests EstadoPedidoRepuesto Management Component Should call load all on init" name="Component Tests EstadoPedidoRepuesto Management Component Should call load all on init" time="0.051">
    </testcase>
  </testsuite>
  <testsuite name="Component Tests" errors="0" failures="0" skipped="0" timestamp="2019-09-25T19:56:44" time="1.012" tests="1">
    <testcase classname="Component Tests EstadoDetallePedido Management Component Should call load all on init" name="Component Tests EstadoDetallePedido Management Component Should call load all on init" time="0.051">
    </testcase>
  </testsuite>
  <testsuite name="Component Tests" errors="0" failures="0" skipped="0" timestamp="2019-09-25T19:56:45" time="0.924" tests="1">
    <testcase classname="Component Tests EstadoCostoRepuesto Management Component Should call load all on init" name="Component Tests EstadoCostoRepuesto Management Component Should call load all on init" time="0.051">
    </testcase>
  </testsuite>
  <testsuite name="Component Tests" errors="0" failures="0" skipped="0" timestamp="2019-09-25T19:56:45" time="0.925" tests="1">
    <testcase classname="Component Tests MedioDePagoTarjeta Management Component Should call load all on init" name="Component Tests MedioDePagoTarjeta Management Component Should call load all on init" time="0.076">
    </testcase>
  </testsuite>
  <testsuite name="Component Tests" errors="0" failures="0" skipped="0" timestamp="2019-09-25T19:56:46" time="0.878" tests="1">
    <testcase classname="Component Tests DetallePresupuesto Management Component Should call load all on init" name="Component Tests DetallePresupuesto Management Component Should call load all on init" time="0.04">
    </testcase>
  </testsuite>
  <testsuite name="Component Tests" errors="0" failures="0" skipped="0" timestamp="2019-09-25T19:56:46" time="0.922" tests="1">
    <testcase classname="Component Tests MovimientoArticulo Management Component Should call load all on init" name="Component Tests MovimientoArticulo Management Component Should call load all on init" time="0.056">
    </testcase>
  </testsuite>
  <testsuite name="Component Tests" errors="0" failures="0" skipped="0" timestamp="2019-09-25T19:56:46" time="0.79" tests="1">
    <testcase classname="Component Tests MedioDePagoCheque Management Component Should call load all on init" name="Component Tests MedioDePagoCheque Management Component Should call load all on init" time="0.049">
    </testcase>
  </testsuite>
  <testsuite name="Service Tests" errors="0" failures="0" skipped="0" timestamp="2019-09-25T19:56:47" time="0.724" tests="3">
    <testcase classname="Service Tests Logs Service Service methods should call correct URL" name="Service Tests Logs Service Service methods should call correct URL" time="0.031">
    </testcase>
    <testcase classname="Service Tests Logs Service Service methods should return Metrics" name="Service Tests Logs Service Service methods should return Metrics" time="0.033">
    </testcase>
    <testcase classname="Service Tests Logs Service Service methods should return Thread Dump" name="Service Tests Logs Service Service methods should return Thread Dump" time="0.009">
    </testcase>
  </testsuite>
  <testsuite name="Component Tests" errors="0" failures="0" skipped="0" timestamp="2019-09-25T19:56:47" time="0.758" tests="1">
    <testcase classname="Component Tests CobranzaOperacion Management Component Should call load all on init" name="Component Tests CobranzaOperacion Management Component Should call load all on init" time="0.048">
    </testcase>
  </testsuite>
  <testsuite name="Component Tests" errors="0" failures="0" skipped="0" timestamp="2019-09-25T19:56:48" time="1.159" tests="1">
    <testcase classname="Component Tests EstadoPresupuesto Management Component Should call load all on init" name="Component Tests EstadoPresupuesto Management Component Should call load all on init" time="0.082">
    </testcase>
  </testsuite>
  <testsuite name="Component Tests" errors="0" failures="0" skipped="0" timestamp="2019-09-25T19:56:48" time="0.943" tests="1">
    <testcase classname="Component Tests DetalleMovimiento Management Component Should call load all on init" name="Component Tests DetalleMovimiento Management Component Should call load all on init" time="0.086">
    </testcase>
  </testsuite>
  <testsuite name="Component Tests" errors="0" failures="0" skipped="0" timestamp="2019-09-25T19:56:49" time="0.913" tests="1">
    <testcase classname="Component Tests EstadoMovimiento Management Component Should call load all on init" name="Component Tests EstadoMovimiento Management Component Should call load all on init" time="0.042">
    </testcase>
  </testsuite>
  <testsuite name="Component Tests" errors="0" failures="0" skipped="0" timestamp="2019-09-25T19:56:49" time="0.925" tests="1">
    <testcase classname="Component Tests DocumentationType Management Component Should call load all on init" name="Component Tests DocumentationType Management Component Should call load all on init" time="0.051">
    </testcase>
  </testsuite>
  <testsuite name="Component Tests" errors="0" failures="0" skipped="0" timestamp="2019-09-25T19:56:50" time="0.926" tests="1">
    <testcase classname="Component Tests MovimientoPedido Management Component Should call load all on init" name="Component Tests MovimientoPedido Management Component Should call load all on init" time="0.051">
    </testcase>
  </testsuite>
  <testsuite name="Component Tests" errors="0" failures="0" skipped="0" timestamp="2019-09-25T19:56:50" time="0.943" tests="1">
    <testcase classname="Component Tests CobranzaRepuesto Management Component Should call load all on init" name="Component Tests CobranzaRepuesto Management Component Should call load all on init" time="0.067">
    </testcase>
  </testsuite>
  <testsuite name="Component Tests" errors="0" failures="0" skipped="0" timestamp="2019-09-25T19:56:51" time="0.792" tests="1">
    <testcase classname="Component Tests EstadoOperacion Management Component Should call load all on init" name="Component Tests EstadoOperacion Management Component Should call load all on init" time="0.044">
    </testcase>
  </testsuite>
  <testsuite name="Component Tests" errors="0" failures="0" skipped="0" timestamp="2019-09-25T19:56:51" time="0.806" tests="1">
    <testcase classname="Component Tests HistorialPrecio Management Component Should call load all on init" name="Component Tests HistorialPrecio Management Component Should call load all on init" time="0.051">
    </testcase>
  </testsuite>
  <testsuite name="Component Tests" errors="0" failures="0" skipped="0" timestamp="2019-09-25T19:56:52" time="0.811" tests="1">
    <testcase classname="Component Tests TipoParteMotor Management Component Should call load all on init" name="Component Tests TipoParteMotor Management Component Should call load all on init" time="0.044">
    </testcase>
  </testsuite>
  <testsuite name="Component Tests" errors="0" failures="0" skipped="0" timestamp="2019-09-25T19:56:52" time="0.861" tests="1">
    <testcase classname="Component Tests EstadoArticulo Management Component Should call load all on init" name="Component Tests EstadoArticulo Management Component Should call load all on init" time="0.065">
    </testcase>
  </testsuite>
  <testsuite name="Component Tests" errors="0" failures="0" skipped="0" timestamp="2019-09-25T19:56:53" time="0.964" tests="1">
    <testcase classname="Component Tests TipoMovimiento Management Component Should call load all on init" name="Component Tests TipoMovimiento Management Component Should call load all on init" time="0.047">
    </testcase>
  </testsuite>
  <testsuite name="Component Tests" errors="0" failures="0" skipped="0" timestamp="2019-09-25T19:56:53" time="1.23" tests="1">
    <testcase classname="Component Tests CostoOperacion Management Component Should call load all on init" name="Component Tests CostoOperacion Management Component Should call load all on init" time="0.06">
    </testcase>
  </testsuite>
  <testsuite name="Component Tests" errors="0" failures="0" skipped="0" timestamp="2019-09-25T19:56:54" time="0.98" tests="1">
    <testcase classname="Component Tests PrecioRepuesto Management Component Should call load all on init" name="Component Tests PrecioRepuesto Management Component Should call load all on init" time="0.065">
    </testcase>
  </testsuite>
  <testsuite name="Component Tests" errors="0" failures="0" skipped="0" timestamp="2019-09-25T19:56:54" time="0.977" tests="1">
    <testcase classname="Component Tests DetallePedido Management Component Should call load all on init" name="Component Tests DetallePedido Management Component Should call load all on init" time="0.04">
    </testcase>
  </testsuite>
  <testsuite name="Component Tests" errors="0" failures="0" skipped="0" timestamp="2019-09-25T19:56:55" time="0.904" tests="1">
    <testcase classname="Component Tests EstadoPersona Management Component Should call load all on init" name="Component Tests EstadoPersona Management Component Should call load all on init" time="0.059">
    </testcase>
  </testsuite>
  <testsuite name="Component Tests" errors="0" failures="0" skipped="0" timestamp="2019-09-25T19:56:55" time="0.909" tests="1">
    <testcase classname="Component Tests CategoriaPago Management Component Should call load all on init" name="Component Tests CategoriaPago Management Component Should call load all on init" time="0.056">
    </testcase>
  </testsuite>
  <testsuite name="Component Tests" errors="0" failures="0" skipped="0" timestamp="2019-09-25T19:56:56" time="0.838" tests="1">
    <testcase classname="Component Tests CostoRepuesto Management Component Should call load all on init" name="Component Tests CostoRepuesto Management Component Should call load all on init" time="0.05">
    </testcase>
  </testsuite>
  <testsuite name="Component Tests" errors="0" failures="0" skipped="0" timestamp="2019-09-25T19:56:56" time="0.918" tests="1">
    <testcase classname="Component Tests SubCategoria Management Component Should call load all on init" name="Component Tests SubCategoria Management Component Should call load all on init" time="0.075">
    </testcase>
  </testsuite>
  <testsuite name="Component Tests" errors="0" failures="0" skipped="0" timestamp="2019-09-25T19:56:56" time="1.04" tests="1">
    <testcase classname="Component Tests TipoRepuesto Management Component Should call load all on init" name="Component Tests TipoRepuesto Management Component Should call load all on init" time="0.051">
    </testcase>
  </testsuite>
  <testsuite name="Component Tests" errors="0" failures="0" skipped="0" timestamp="2019-09-25T19:56:57" time="0.896" tests="1">
    <testcase classname="Component Tests PagoEfectivo Management Component Should call load all on init" name="Component Tests PagoEfectivo Management Component Should call load all on init" time="0.061">
    </testcase>
  </testsuite>
  <testsuite name="Component Tests" errors="0" failures="0" skipped="0" timestamp="2019-09-25T19:56:58" time="0.968" tests="1">
    <testcase classname="Component Tests FormaDePago Management Component Should call load all on init" name="Component Tests FormaDePago Management Component Should call load all on init" time="0.067">
    </testcase>
  </testsuite>
  <testsuite name="Component Tests" errors="0" failures="0" skipped="0" timestamp="2019-09-25T19:56:58" time="1.005" tests="1">
    <testcase classname="Component Tests MedioDePago Management Component Should call load all on init" name="Component Tests MedioDePago Management Component Should call load all on init" time="0.081">
    </testcase>
  </testsuite>
  <testsuite name="Component Tests" errors="0" failures="0" skipped="0" timestamp="2019-09-25T19:56:59" time="1.087" tests="1">
    <testcase classname="Component Tests PagoTarjeta Management Component Should call load all on init" name="Component Tests PagoTarjeta Management Component Should call load all on init" time="0.104">
    </testcase>
  </testsuite>
  <testsuite name="Component Tests" errors="0" failures="0" skipped="0" timestamp="2019-09-25T19:56:59" time="1.063" tests="1">
    <testcase classname="Component Tests TipoTarjeta Management Component Should call load all on init" name="Component Tests TipoTarjeta Management Component Should call load all on init" time="0.066">
    </testcase>
  </testsuite>
  <testsuite name="Component Tests" errors="0" failures="0" skipped="0" timestamp="2019-09-25T19:57:00" time="1.02" tests="1">
    <testcase classname="Component Tests PagoCheque Management Component Should call load all on init" name="Component Tests PagoCheque Management Component Should call load all on init" time="0.063">
    </testcase>
  </testsuite>
  <testsuite name="Component Tests" errors="0" failures="0" skipped="0" timestamp="2019-09-25T19:57:00" time="0.963" tests="1">
    <testcase classname="Component Tests Cilindrada Management Component Should call load all on init" name="Component Tests Cilindrada Management Component Should call load all on init" time="0.046">
    </testcase>
  </testsuite>
  <testsuite name="Component Tests" errors="0" failures="0" skipped="0" timestamp="2019-09-25T19:57:01" time="1.014" tests="1">
    <testcase classname="Component Tests ListaPrecioRectificacionCRAM Management Detail Component OnInit Should call load all on init" name="Component Tests ListaPrecioRectificacionCRAM Management Detail Component OnInit Should call load all on init" time="0.064">
    </testcase>
  </testsuite>
  <testsuite name="Component Tests" errors="0" failures="0" skipped="0" timestamp="2019-09-25T19:57:01" time="1.349" tests="1">
    <testcase classname="Component Tests Aplicacion Management Component Should call load all on init" name="Component Tests Aplicacion Management Component Should call load all on init" time="0.06">
    </testcase>
  </testsuite>
  <testsuite name="Component Tests" errors="0" failures="0" skipped="0" timestamp="2019-09-25T19:57:02" time="1.034" tests="1">
    <testcase classname="Component Tests JhiMetricsMonitoringComponent refresh should call refresh on init" name="Component Tests JhiMetricsMonitoringComponent refresh should call refresh on init" time="0.066">
    </testcase>
  </testsuite>
  <testsuite name="Component Tests" errors="0" failures="0" skipped="0" timestamp="2019-09-25T19:57:02" time="1.045" tests="1">
    <testcase classname="Component Tests Operacion Management Component Should call load all on init" name="Component Tests Operacion Management Component Should call load all on init" time="0.051">
    </testcase>
  </testsuite>
  <testsuite name="Component Tests" errors="0" failures="0" skipped="0" timestamp="2019-09-25T19:57:03" time="1.333" tests="1">
    <testcase classname="Component Tests Direccion Management Component Should call load all on init" name="Component Tests Direccion Management Component Should call load all on init" time="0.044">
    </testcase>
  </testsuite>
  <testsuite name="Component Tests" errors="0" failures="0" skipped="0" timestamp="2019-09-25T19:57:03" time="1.1" tests="1">
    <testcase classname="Component Tests Localidad Management Component Should call load all on init" name="Component Tests Localidad Management Component Should call load all on init" time="0.069">
    </testcase>
  </testsuite>
  <testsuite name="Component Tests" errors="0" failures="0" skipped="0" timestamp="2019-09-25T19:57:04" time="0.991" tests="1">
    <testcase classname="Component Tests Sucursal Management Component Should call load all on init" name="Component Tests Sucursal Management Component Should call load all on init" time="0.041">
    </testcase>
  </testsuite>
  <testsuite name="Component Tests" errors="0" failures="0" skipped="0" timestamp="2019-09-25T19:57:04" time="0.894" tests="1">
    <testcase classname="Component Tests Empleado Management Component Should call load all on init" name="Component Tests Empleado Management Component Should call load all on init" time="0.039">
    </testcase>
  </testsuite>
  <testsuite name="Component Tests" errors="0" failures="0" skipped="0" timestamp="2019-09-25T19:57:05" time="0.983" tests="1">
    <testcase classname="Component Tests Tarjeta Management Component Should call load all on init" name="Component Tests Tarjeta Management Component Should call load all on init" time="0.054">
    </testcase>
  </testsuite>
  <testsuite name="Component Tests" errors="0" failures="0" skipped="0" timestamp="2019-09-25T19:57:05" time="1.081" tests="1">
    <testcase classname="Component Tests Cliente Management Component Should call load all on init" name="Component Tests Cliente Management Component Should call load all on init" time="0.073">
    </testcase>
  </testsuite>
  <testsuite name="Component Tests" errors="0" failures="0" skipped="0" timestamp="2019-09-25T19:57:06" time="1.026" tests="1">
    <testcase classname="Component Tests EstadoCobranzaOperacion Management Detail Component OnInit Should call load all on init" name="Component Tests EstadoCobranzaOperacion Management Detail Component OnInit Should call load all on init" time="0.051">
    </testcase>
  </testsuite>
  <testsuite name="Component Tests" errors="0" failures="0" skipped="0" timestamp="2019-09-25T19:57:06" time="1.041" tests="1">
    <testcase classname="Component Tests Banco Management Component Should call load all on init" name="Component Tests Banco Management Component Should call load all on init" time="0.048">
    </testcase>
  </testsuite>
  <testsuite name="Component Tests" errors="0" failures="0" skipped="0" timestamp="2019-09-25T19:57:07" time="0.88" tests="1">
    <testcase classname="Component Tests Marca Management Component Should call load all on init" name="Component Tests Marca Management Component Should call load all on init" time="0.051">
    </testcase>
  </testsuite>
  <testsuite name="Component Tests" errors="0" failures="0" skipped="0" timestamp="2019-09-25T19:57:07" time="0.908" tests="1">
    <testcase classname="Component Tests Motor Management Component Should call load all on init" name="Component Tests Motor Management Component Should call load all on init" time="0.072">
    </testcase>
  </testsuite>
  <testsuite name="Component Tests" errors="0" failures="0" skipped="0" timestamp="2019-09-25T19:57:08" time="0.892" tests="1">
    <testcase classname="Component Tests Rubro Management Component Should call load all on init" name="Component Tests Rubro Management Component Should call load all on init" time="0.044">
    </testcase>
  </testsuite>
  <testsuite name="Component Tests" errors="0" failures="0" skipped="0" timestamp="2019-09-25T19:57:08" time="0.851" tests="1">
    <testcase classname="Component Tests ListaPrecioDesdeHasta Management Detail Component OnInit Should call load all on init" name="Component Tests ListaPrecioDesdeHasta Management Detail Component OnInit Should call load all on init" time="0.059">
    </testcase>
  </testsuite>
  <testsuite name="Component Tests" errors="0" failures="0" skipped="0" timestamp="2019-09-25T19:57:09" time="0.847" tests="1">
    <testcase classname="Component Tests TipoDetalleMovimiento Management Detail Component OnInit Should call load all on init" name="Component Tests TipoDetalleMovimiento Management Detail Component OnInit Should call load all on init" time="0.054">
    </testcase>
  </testsuite>
  <testsuite name="Component Tests" errors="0" failures="0" skipped="0" timestamp="2019-09-25T19:57:09" time="0.837" tests="1">
    <testcase classname="Component Tests MovimientoPresupuesto Management Detail Component OnInit Should call load all on init" name="Component Tests MovimientoPresupuesto Management Detail Component OnInit Should call load all on init" time="0.054">
    </testcase>
  </testsuite>
  <testsuite name="Component Tests" errors="0" failures="0" skipped="0" timestamp="2019-09-25T19:57:10" time="0.799" tests="1">
    <testcase classname="Component Tests EstadoPedidoRepuesto Management Detail Component OnInit Should call load all on init" name="Component Tests EstadoPedidoRepuesto Management Detail Component OnInit Should call load all on init" time="0.057">
    </testcase>
  </testsuite>
  <testsuite name="Component Tests" errors="0" failures="0" skipped="0" timestamp="2019-09-25T19:57:10" time="0.824" tests="1">
    <testcase classname="Component Tests EstadoDetallePedido Management Detail Component OnInit Should call load all on init" name="Component Tests EstadoDetallePedido Management Detail Component OnInit Should call load all on init" time="0.063">
    </testcase>
  </testsuite>
  <testsuite name="Component Tests" errors="0" failures="0" skipped="0" timestamp="2019-09-25T19:57:11" time="0.85" tests="1">
    <testcase classname="Component Tests MedioDePagoTarjeta Management Detail Component OnInit Should call load all on init" name="Component Tests MedioDePagoTarjeta Management Detail Component OnInit Should call load all on init" time="0.052">
    </testcase>
  </testsuite>
  <testsuite name="Component Tests" errors="0" failures="0" skipped="0" timestamp="2019-09-25T19:57:11" time="1.121" tests="1">
    <testcase classname="Component Tests EstadoCostoRepuesto Management Detail Component OnInit Should call load all on init" name="Component Tests EstadoCostoRepuesto Management Detail Component OnInit Should call load all on init" time="0.113">
    </testcase>
  </testsuite>
  <testsuite name="Component Tests" errors="0" failures="0" skipped="0" timestamp="2019-09-25T19:57:12" time="1.227" tests="1">
    <testcase classname="Component Tests MovimientoArticulo Management Detail Component OnInit Should call load all on init" name="Component Tests MovimientoArticulo Management Detail Component OnInit Should call load all on init" time="0.116">
    </testcase>
  </testsuite>
  <testsuite name="Component Tests" errors="0" failures="0" skipped="0" timestamp="2019-09-25T19:57:12" time="1.863" tests="1">
    <testcase classname="Component Tests DetallePresupuesto Management Detail Component OnInit Should call load all on init" name="Component Tests DetallePresupuesto Management Detail Component OnInit Should call load all on init" time="0.049">
    </testcase>
  </testsuite>
  <testsuite name="Component Tests" errors="0" failures="0" skipped="0" timestamp="2019-09-25T19:57:13" time="1.281" tests="1">
    <testcase classname="Component Tests MedioDePagoCheque Management Detail Component OnInit Should call load all on init" name="Component Tests MedioDePagoCheque Management Detail Component OnInit Should call load all on init" time="0.054">
    </testcase>
  </testsuite>
  <testsuite name="Component Tests" errors="0" failures="0" skipped="0" timestamp="2019-09-25T19:57:14" time="1.282" tests="1">
    <testcase classname="Component Tests DocumentationType Management Detail Component OnInit Should call load all on init" name="Component Tests DocumentationType Management Detail Component OnInit Should call load all on init" time="0.167">
    </testcase>
  </testsuite>
  <testsuite name="Component Tests" errors="0" failures="0" skipped="0" timestamp="2019-09-25T19:57:14" time="1.816" tests="1">
    <testcase classname="Component Tests CobranzaOperacion Management Detail Component OnInit Should call load all on init" name="Component Tests CobranzaOperacion Management Detail Component OnInit Should call load all on init" time="0.084">
    </testcase>
  </testsuite>
  <testsuite name="Component Tests" errors="0" failures="0" skipped="0" timestamp="2019-09-25T19:57:15" time="1.22" tests="1">
    <testcase classname="Component Tests DetalleMovimiento Management Detail Component OnInit Should call load all on init" name="Component Tests DetalleMovimiento Management Detail Component OnInit Should call load all on init" time="0.056">
    </testcase>
  </testsuite>
  <testsuite name="Component Tests" errors="0" failures="0" skipped="0" timestamp="2019-09-25T19:57:16" time="1.178" tests="1">
    <testcase classname="Component Tests EstadoPresupuesto Management Detail Component OnInit Should call load all on init" name="Component Tests EstadoPresupuesto Management Detail Component OnInit Should call load all on init" time="0.062">
    </testcase>
  </testsuite>
  <testsuite name="Component Tests" errors="0" failures="0" skipped="0" timestamp="2019-09-25T19:57:16" time="1.062" tests="1">
    <testcase classname="Component Tests CobranzaRepuesto Management Detail Component OnInit Should call load all on init" name="Component Tests CobranzaRepuesto Management Detail Component OnInit Should call load all on init" time="0.088">
    </testcase>
  </testsuite>
  <testsuite name="Component Tests" errors="0" failures="0" skipped="0" timestamp="2019-09-25T19:57:17" time="1.479" tests="1">
    <testcase classname="Component Tests EstadoMovimiento Management Detail Component OnInit Should call load all on init" name="Component Tests EstadoMovimiento Management Detail Component OnInit Should call load all on init" time="0.058">
    </testcase>
  </testsuite>
  <testsuite name="Component Tests" errors="0" failures="0" skipped="0" timestamp="2019-09-25T19:57:18" time="1.379" tests="1">
    <testcase classname="Component Tests MovimientoPedido Management Detail Component OnInit Should call load all on init" name="Component Tests MovimientoPedido Management Detail Component OnInit Should call load all on init" time="0.066">
    </testcase>
  </testsuite>
  <testsuite name="Component Tests" errors="0" failures="0" skipped="0" timestamp="2019-09-25T19:57:19" time="1.123" tests="1">
    <testcase classname="Component Tests EstadoOperacion Management Detail Component OnInit Should call load all on init" name="Component Tests EstadoOperacion Management Detail Component OnInit Should call load all on init" time="0.044">
    </testcase>
  </testsuite>
  <testsuite name="Component Tests" errors="0" failures="0" skipped="0" timestamp="2019-09-25T19:57:19" time="1.056" tests="1">
    <testcase classname="Component Tests HistorialPrecio Management Detail Component OnInit Should call load all on init" name="Component Tests HistorialPrecio Management Detail Component OnInit Should call load all on init" time="0.061">
    </testcase>
  </testsuite>
  <testsuite name="Component Tests" errors="0" failures="0" skipped="0" timestamp="2019-09-25T19:57:20" time="1.113" tests="1">
    <testcase classname="Component Tests TipoParteMotor Management Detail Component OnInit Should call load all on init" name="Component Tests TipoParteMotor Management Detail Component OnInit Should call load all on init" time="0.073">
    </testcase>
  </testsuite>
  <testsuite name="Component Tests" errors="0" failures="0" skipped="0" timestamp="2019-09-25T19:57:20" time="1.14" tests="1">
    <testcase classname="Component Tests TipoMovimiento Management Detail Component OnInit Should call load all on init" name="Component Tests TipoMovimiento Management Detail Component OnInit Should call load all on init" time="0.066">
    </testcase>
  </testsuite>
  <testsuite name="Component Tests" errors="0" failures="0" skipped="0" timestamp="2019-09-25T19:57:21" time="1.04" tests="1">
    <testcase classname="Component Tests PrecioRepuesto Management Detail Component OnInit Should call load all on init" name="Component Tests PrecioRepuesto Management Detail Component OnInit Should call load all on init" time="0.048">
    </testcase>
  </testsuite>
  <testsuite name="Component Tests" errors="0" failures="0" skipped="0" timestamp="2019-09-25T19:57:21" time="1.082" tests="1">
    <testcase classname="Component Tests EstadoArticulo Management Detail Component OnInit Should call load all on init" name="Component Tests EstadoArticulo Management Detail Component OnInit Should call load all on init" time="0.049">
    </testcase>
  </testsuite>
  <testsuite name="Component Tests" errors="0" failures="0" skipped="0" timestamp="2019-09-25T19:57:22" time="1.06" tests="1">
    <testcase classname="Component Tests PedidoRepuesto Management Detail Component OnInit Should call load all on init" name="Component Tests PedidoRepuesto Management Detail Component OnInit Should call load all on init" time="0.101">
    </testcase>
  </testsuite>
  <testsuite name="Component Tests" errors="0" failures="0" skipped="0" timestamp="2019-09-25T19:57:22" time="1.281" tests="1">
    <testcase classname="Component Tests CostoOperacion Management Detail Component OnInit Should call load all on init" name="Component Tests CostoOperacion Management Detail Component OnInit Should call load all on init" time="0.086">
    </testcase>
  </testsuite>
  <testsuite name="Component Tests" errors="0" failures="0" skipped="0" timestamp="2019-09-25T19:57:23" time="1.543" tests="1">
    <testcase classname="Component Tests EstadoPersona Management Detail Component OnInit Should call load all on init" name="Component Tests EstadoPersona Management Detail Component OnInit Should call load all on init" time="0.124">
    </testcase>
  </testsuite>
  <testsuite name="Component Tests" errors="0" failures="0" skipped="0" timestamp="2019-09-25T19:57:24" time="1.65" tests="1">
    <testcase classname="Component Tests CostoRepuesto Management Detail Component OnInit Should call load all on init" name="Component Tests CostoRepuesto Management Detail Component OnInit Should call load all on init" time="0.141">
    </testcase>
  </testsuite>
  <testsuite name="Component Tests" errors="0" failures="0" skipped="0" timestamp="2019-09-25T19:57:25" time="1.888" tests="1">
    <testcase classname="Component Tests DetallePedido Management Detail Component OnInit Should call load all on init" name="Component Tests DetallePedido Management Detail Component OnInit Should call load all on init" time="0.114">
    </testcase>
  </testsuite>
  <testsuite name="Component Tests" errors="0" failures="0" skipped="0" timestamp="2019-09-25T19:57:25" time="1.88" tests="1">
    <testcase classname="Component Tests CategoriaPago Management Detail Component OnInit Should call load all on init" name="Component Tests CategoriaPago Management Detail Component OnInit Should call load all on init" time="0.059">
    </testcase>
  </testsuite>
  <testsuite name="Component Tests" errors="0" failures="0" skipped="0" timestamp="2019-09-25T19:57:27" time="1.184" tests="1">
    <testcase classname="Component Tests PagoEfectivo Management Detail Component OnInit Should call load all on init" name="Component Tests PagoEfectivo Management Detail Component OnInit Should call load all on init" time="0.075">
    </testcase>
  </testsuite>
  <testsuite name="Component Tests" errors="0" failures="0" skipped="0" timestamp="2019-09-25T19:57:27" time="1.124" tests="1">
    <testcase classname="Component Tests TipoRepuesto Management Detail Component OnInit Should call load all on init" name="Component Tests TipoRepuesto Management Detail Component OnInit Should call load all on init" time="0.06">
    </testcase>
  </testsuite>
  <testsuite name="Component Tests" errors="0" failures="0" skipped="0" timestamp="2019-09-25T19:57:28" time="1.472" tests="1">
    <testcase classname="Component Tests SubCategoria Management Detail Component OnInit Should call load all on init" name="Component Tests SubCategoria Management Detail Component OnInit Should call load all on init" time="0.134">
    </testcase>
  </testsuite>
  <testsuite name="Component Tests" errors="0" failures="0" skipped="0" timestamp="2019-09-25T19:57:28" time="1.964" tests="1">
    <testcase classname="Component Tests MedioDePago Management Detail Component OnInit Should call load all on init" name="Component Tests MedioDePago Management Detail Component OnInit Should call load all on init" time="0.064">
    </testcase>
  </testsuite>
  <testsuite name="Component Tests" errors="0" failures="0" skipped="0" timestamp="2019-09-25T19:57:30" time="1.129" tests="1">
    <testcase classname="Component Tests FormaDePago Management Detail Component OnInit Should call load all on init" name="Component Tests FormaDePago Management Detail Component OnInit Should call load all on init" time="0.055">
    </testcase>
  </testsuite>
  <testsuite name="Component Tests" errors="0" failures="0" skipped="0" timestamp="2019-09-25T19:57:30" time="1.236" tests="1">
    <testcase classname="Component Tests PagoTarjeta Management Detail Component OnInit Should call load all on init" name="Component Tests PagoTarjeta Management Detail Component OnInit Should call load all on init" time="0.069">
    </testcase>
  </testsuite>
  <testsuite name="Component Tests" errors="0" failures="0" skipped="0" timestamp="2019-09-25T19:57:31" time="1.465" tests="1">
    <testcase classname="Component Tests TipoTarjeta Management Detail Component OnInit Should call load all on init" name="Component Tests TipoTarjeta Management Detail Component OnInit Should call load all on init" time="0.068">
    </testcase>
  </testsuite>
  <testsuite name="Component Tests" errors="0" failures="0" skipped="0" timestamp="2019-09-25T19:57:32" time="1.102" tests="1">
    <testcase classname="Component Tests Presupuesto Management Detail Component OnInit Should call load all on init" name="Component Tests Presupuesto Management Detail Component OnInit Should call load all on init" time="0.084">
    </testcase>
  </testsuite>
  <testsuite name="Component Tests" errors="0" failures="0" skipped="0" timestamp="2019-09-25T19:57:32" time="1.26" tests="1">
    <testcase classname="Component Tests PagoCheque Management Detail Component OnInit Should call load all on init" name="Component Tests PagoCheque Management Detail Component OnInit Should call load all on init" time="0.053">
    </testcase>
  </testsuite>
  <testsuite name="Component Tests" errors="0" failures="0" skipped="0" timestamp="2019-09-25T19:57:33" time="1.267" tests="1">
    <testcase classname="Component Tests Aplicacion Management Detail Component OnInit Should call load all on init" name="Component Tests Aplicacion Management Detail Component OnInit Should call load all on init" time="0.068">
    </testcase>
  </testsuite>
  <testsuite name="Component Tests" errors="0" failures="0" skipped="0" timestamp="2019-09-25T19:57:33" time="1.112" tests="1">
    <testcase classname="Component Tests Movimiento Management Detail Component OnInit Should call load all on init" name="Component Tests Movimiento Management Detail Component OnInit Should call load all on init" time="0.066">
    </testcase>
  </testsuite>
  <testsuite name="Component Tests" errors="0" failures="0" skipped="0" timestamp="2019-09-25T19:57:34" time="1.045" tests="1">
    <testcase classname="Component Tests Cilindrada Management Detail Component OnInit Should call load all on init" name="Component Tests Cilindrada Management Detail Component OnInit Should call load all on init" time="0.08">
    </testcase>
  </testsuite>
  <testsuite name="Service Tests" errors="0" failures="0" skipped="0" timestamp="2019-09-25T19:57:35" time="1.017" tests="2">
    <testcase classname="Service Tests Logs Service Service methods should call correct URL" name="Service Tests Logs Service Service methods should call correct URL" time="0.025">
    </testcase>
    <testcase classname="Service Tests Logs Service Service methods should change log level" name="Service Tests Logs Service Service methods should change log level" time="0.02">
    </testcase>
  </testsuite>
  <testsuite name="Component Tests" errors="0" failures="0" skipped="0" timestamp="2019-09-25T19:57:35" time="1.301" tests="1">
    <testcase classname="Component Tests Proveedor Management Detail Component OnInit Should call load all on init" name="Component Tests Proveedor Management Detail Component OnInit Should call load all on init" time="0.054">
    </testcase>
  </testsuite>
  <testsuite name="Component Tests" errors="0" failures="0" skipped="0" timestamp="2019-09-25T19:57:36" time="1.118" tests="1">
    <testcase classname="Component Tests Operacion Management Detail Component OnInit Should call load all on init" name="Component Tests Operacion Management Detail Component OnInit Should call load all on init" time="0.102">
    </testcase>
  </testsuite>
  <testsuite name="Component Tests" errors="0" failures="0" skipped="0" timestamp="2019-09-25T19:57:36" time="1.115" tests="1">
    <testcase classname="Component Tests Direccion Management Detail Component OnInit Should call load all on init" name="Component Tests Direccion Management Detail Component OnInit Should call load all on init" time="0.071">
    </testcase>
  </testsuite>
  <testsuite name="Component Tests" errors="0" failures="0" skipped="0" timestamp="2019-09-25T19:57:37" time="0.992" tests="1">
    <testcase classname="Component Tests Localidad Management Detail Component OnInit Should call load all on init" name="Component Tests Localidad Management Detail Component OnInit Should call load all on init" time="0.05">
    </testcase>
  </testsuite>
  <testsuite name="Component Tests" errors="0" failures="0" skipped="0" timestamp="2019-09-25T19:57:38" time="1.104" tests="1">
    <testcase classname="Component Tests Sucursal Management Detail Component OnInit Should call load all on init" name="Component Tests Sucursal Management Detail Component OnInit Should call load all on init" time="0.051">
    </testcase>
  </testsuite>
  <testsuite name="Component Tests" errors="0" failures="0" skipped="0" timestamp="2019-09-25T19:57:38" time="1.109" tests="1">
    <testcase classname="Component Tests Articulo Management Detail Component OnInit Should call load all on init" name="Component Tests Articulo Management Detail Component OnInit Should call load all on init" time="0.063">
    </testcase>
  </testsuite>
  <testsuite name="Component Tests" errors="0" failures="0" skipped="0" timestamp="2019-09-25T19:57:39" time="1.045" tests="1">
    <testcase classname="Component Tests Empleado Management Detail Component OnInit Should call load all on init" name="Component Tests Empleado Management Detail Component OnInit Should call load all on init" time="0.066">
    </testcase>
  </testsuite>
  <testsuite name="Component Tests" errors="0" failures="0" skipped="0" timestamp="2019-09-25T19:57:39" time="0.991" tests="1">
    <testcase classname="Component Tests Persona Management Detail Component OnInit Should call load all on init" name="Component Tests Persona Management Detail Component OnInit Should call load all on init" time="0.052">
    </testcase>
  </testsuite>
  <testsuite name="Component Tests" errors="0" failures="0" skipped="0" timestamp="2019-09-25T19:57:40" time="0.831" tests="1">
    <testcase classname="Component Tests Cliente Management Detail Component OnInit Should call load all on init" name="Component Tests Cliente Management Detail Component OnInit Should call load all on init" time="0.047">
    </testcase>
  </testsuite>
  <testsuite name="Component Tests" errors="0" failures="0" skipped="0" timestamp="2019-09-25T19:57:40" time="0.884" tests="1">
    <testcase classname="Component Tests Tarjeta Management Detail Component OnInit Should call load all on init" name="Component Tests Tarjeta Management Detail Component OnInit Should call load all on init" time="0.075">
    </testcase>
  </testsuite>
  <testsuite name="Component Tests" errors="0" failures="0" skipped="0" timestamp="2019-09-25T19:57:41" time="1.038" tests="1">
    <testcase classname="Component Tests Banco Management Detail Component OnInit Should call load all on init" name="Component Tests Banco Management Detail Component OnInit Should call load all on init" time="0.052">
    </testcase>
  </testsuite>
  <testsuite name="Component Tests" errors="0" failures="0" skipped="0" timestamp="2019-09-25T19:57:41" time="1.543" tests="1">
    <testcase classname="Component Tests Motor Management Detail Component OnInit Should call load all on init" name="Component Tests Motor Management Detail Component OnInit Should call load all on init" time="0.29">
    </testcase>
  </testsuite>
  <testsuite name="Component Tests" errors="0" failures="0" skipped="0" timestamp="2019-09-25T19:57:42" time="1.04" tests="1">
    <testcase classname="Component Tests Marca Management Detail Component OnInit Should call load all on init" name="Component Tests Marca Management Detail Component OnInit Should call load all on init" time="0.056">
    </testcase>
  </testsuite>
  <testsuite name="Component Tests" errors="0" failures="0" skipped="0" timestamp="2019-09-25T19:57:42" time="1.412" tests="1">
    <testcase classname="Component Tests Rubro Management Detail Component OnInit Should call load all on init" name="Component Tests Rubro Management Detail Component OnInit Should call load all on init" time="0.051">
    </testcase>
  </testsuite>
  <testsuite name="Component Tests" errors="0" failures="0" skipped="0" timestamp="2019-09-25T19:57:43" time="0.962" tests="1">
    <testcase classname="Component Tests Caja Management Detail Component OnInit Should call load all on init" name="Component Tests Caja Management Detail Component OnInit Should call load all on init" time="0.05">
    </testcase>
  </testsuite>
</testsuites>